"../../../Engine/Content/Animation/DefaultAnimBoneCompressionSettings.uasset" 0
"D:/GeekBrains/18112020/Valerii_18112020/Content/AnimStarterPack/UE4_Mannequin/Mesh/MainSkeleton.uasset" 1
"D:/GeekBrains/18112020/Valerii_18112020/Content/AnimStarterPack/Aim_Space_Hip.uasset" 2
"D:/GeekBrains/18112020/Valerii_18112020/Content/AnimStarterPack/Aim_Space_Ironsights.uasset" 3
"D:/GeekBrains/18112020/Valerii_18112020/Content/AnimStarterPack/Crouch_to_Stand_Rifle_Hip.uasset" 4
"D:/GeekBrains/18112020/Valerii_18112020/Content/AnimStarterPack/Crouch_to_Stand_Rifle_Ironsights.uasset" 5
"D:/GeekBrains/18112020/Valerii_18112020/Content/AnimStarterPack/Crouch_Walk_Bwd_Rifle_Ironsights.uasset" 6
"D:/GeekBrains/18112020/Valerii_18112020/Content/AnimStarterPack/Crouch_Walk_Lt_Rifle_Ironsights.uasset" 7
"D:/GeekBrains/18112020/Valerii_18112020/Content/AnimStarterPack/Crouch_Walk_Rt_Rifle_Ironsights.uasset" 8
"D:/GeekBrains/18112020/Valerii_18112020/Content/AnimStarterPack/Death_1.uasset" 9
"D:/GeekBrains/18112020/Valerii_18112020/Content/AnimStarterPack/Death_2.uasset" 10
"D:/GeekBrains/18112020/Valerii_18112020/Content/AnimStarterPack/Death_3.uasset" 11
"D:/GeekBrains/18112020/Valerii_18112020/Content/AnimStarterPack/Death_Ironsights_1.uasset" 12
"D:/GeekBrains/18112020/Valerii_18112020/Content/AnimStarterPack/Death_Ironsights_2.uasset" 13
"D:/GeekBrains/18112020/Valerii_18112020/Content/AnimStarterPack/Equip_Rifle_Standing.uasset" 14
"D:/GeekBrains/18112020/Valerii_18112020/Content/AnimStarterPack/Fire_Rifle_Hip.uasset" 15
"D:/GeekBrains/18112020/Valerii_18112020/Content/AnimStarterPack/Fire_Shotgun_Ironsights.uasset" 16
"D:/GeekBrains/18112020/Valerii_18112020/Content/AnimStarterPack/Idle_Pistol.uasset" 17
"D:/GeekBrains/18112020/Valerii_18112020/Content/AnimStarterPack/Jump_From_Stand_Ironsights.uasset" 18
"D:/GeekBrains/18112020/Valerii_18112020/Content/AnimStarterPack/Prone_Death_1.uasset" 19
"D:/GeekBrains/18112020/Valerii_18112020/Content/AnimStarterPack/Prone_Death_2.uasset" 20
"D:/GeekBrains/18112020/Valerii_18112020/Content/AnimStarterPack/Prone_Fire_1.uasset" 21
"D:/GeekBrains/18112020/Valerii_18112020/Content/AnimStarterPack/Prone_Fire_2.uasset" 22
"D:/GeekBrains/18112020/Valerii_18112020/Content/AnimStarterPack/Prone_Idle.uasset" 23
"D:/GeekBrains/18112020/Valerii_18112020/Content/AnimStarterPack/Prone_Reload_Rifle.uasset" 24
"D:/GeekBrains/18112020/Valerii_18112020/Content/AnimStarterPack/Prone_Reload_Shotgun.uasset" 25
"D:/GeekBrains/18112020/Valerii_18112020/Content/AnimStarterPack/Prone_To_Stand.uasset" 26
"D:/GeekBrains/18112020/Valerii_18112020/Content/AnimStarterPack/Reload_Pistol.uasset" 27
"D:/GeekBrains/18112020/Valerii_18112020/Content/AnimStarterPack/Reload_Rifle_Ironsights.uasset" 28
"D:/GeekBrains/18112020/Valerii_18112020/Content/AnimStarterPack/Reload_Shotgun_Hip.uasset" 29
"D:/GeekBrains/18112020/Valerii_18112020/Content/AnimStarterPack/Reload_Shotgun_Ironsights.uasset" 30
"D:/GeekBrains/18112020/Valerii_18112020/Content/AnimStarterPack/Stand_to_Crouch_Rifle_Hip.uasset" 31
"D:/GeekBrains/18112020/Valerii_18112020/Content/AnimStarterPack/Stand_to_Crouch_Rifle_Ironsights.uasset" 32
"D:/GeekBrains/18112020/Valerii_18112020/Content/AnimStarterPack/Stand_To_Prone.uasset" 33
"../../../Engine/Content/Functions/Engine_MaterialFunctions01/Opacity/AlphaOffset.uasset" 34
"D:/GeekBrains/18112020/Valerii_18112020/Content/Download/StarterContent/Textures/T_MacroVariation.uasset" 35
"D:/GeekBrains/18112020/Valerii_18112020/Content/Download/StarterContent/Textures/T_Wood_Floor_Walnut_D.uasset" 36
"D:/GeekBrains/18112020/Valerii_18112020/Content/Download/StarterContent/Textures/T_Wood_Floor_Walnut_M.uasset" 37
"D:/GeekBrains/18112020/Valerii_18112020/Content/Download/StarterContent/Textures/T_Wood_Floor_Walnut_N.uasset" 38
"D:/GeekBrains/18112020/Valerii_18112020/Content/Download/StarterContent/Materials/M_Wood_Floor_Walnut_Worn.uasset" 39
"../../../Engine/Content/Functions/Engine_MaterialFunctions02/Utility/BlendAngleCorrectedNormals.uasset" 40
"../../../Engine/Content/Functions/MaterialLayerFunctions/MatLayerBlend_AO.uasset" 41
"../../../Engine/Content/Functions/MaterialLayerFunctions/MatLayerBlend_NormalBlend.uasset" 42
"../../../Engine/Content/Functions/MaterialLayerFunctions/MatLayerBlend_Simple.uasset" 43
"D:/GeekBrains/18112020/Valerii_18112020/Content/AnimStarterPack/UE4_Mannequin/Materials/MaterialLayers/T_ML_Rubber_Blue_01_D.uasset" 44
"D:/GeekBrains/18112020/Valerii_18112020/Content/AnimStarterPack/UE4_Mannequin/Materials/MaterialLayers/T_ML_Rubber_Blue_01_N.uasset" 45
"D:/GeekBrains/18112020/Valerii_18112020/Content/AnimStarterPack/UE4_Mannequin/Materials/MaterialLayers/ML_GlossyBlack_Latex_UE4.uasset" 46
"D:/GeekBrains/18112020/Valerii_18112020/Content/AnimStarterPack/UE4_Mannequin/Materials/MaterialLayers/ML_Plastic_Shiny_Beige.uasset" 47
"D:/GeekBrains/18112020/Valerii_18112020/Content/AnimStarterPack/UE4_Mannequin/Textures/UE4_LOGO_CARD.uasset" 48
"D:/GeekBrains/18112020/Valerii_18112020/Content/AnimStarterPack/UE4_Mannequin/Materials/MaterialLayers/ML_Plastic_Shiny_Beige_LOGO.uasset" 49
"D:/GeekBrains/18112020/Valerii_18112020/Content/AnimStarterPack/UE4_Mannequin/Materials/MaterialLayers/T_ML_Aluminum01.uasset" 50
"D:/GeekBrains/18112020/Valerii_18112020/Content/AnimStarterPack/UE4_Mannequin/Materials/MaterialLayers/T_ML_Aluminum01_N.uasset" 51
"D:/GeekBrains/18112020/Valerii_18112020/Content/AnimStarterPack/UE4_Mannequin/Materials/MaterialLayers/ML_SoftMetal_UE4.uasset" 52
"D:/GeekBrains/18112020/Valerii_18112020/Content/AnimStarterPack/UE4_Mannequin/Textures/UE4_Mannequin__normals.uasset" 53
"D:/GeekBrains/18112020/Valerii_18112020/Content/AnimStarterPack/UE4_Mannequin/Textures/UE4_Mannequin_MAT_MASKA.uasset" 54
"D:/GeekBrains/18112020/Valerii_18112020/Content/AnimStarterPack/UE4_Mannequin/Textures/UE4_Mannequin_occlusion_Mobile.uasset" 55
"D:/GeekBrains/18112020/Valerii_18112020/Content/AnimStarterPack/UE4_Mannequin/Materials/M_UE4Man_Body.uasset" 56
"D:/GeekBrains/18112020/Valerii_18112020/Content/AnimStarterPack/UE4_Mannequin/Textures/UE4Man_Logo_N.uasset" 57
"D:/GeekBrains/18112020/Valerii_18112020/Content/AnimStarterPack/UE4_Mannequin/Materials/M_UE4Man_ChestLogo.uasset" 58
"D:/GeekBrains/18112020/Valerii_18112020/Content/AnimStarterPack/UE4_Mannequin/Mesh/SK_Mannequin_PhysicsAsset.uasset" 59
"D:/GeekBrains/18112020/Valerii_18112020/Content/AnimStarterPack/UE4_Mannequin/Mesh/MainSkeletalMesh_wooden.uasset" 60
"D:/GeekBrains/18112020/Valerii_18112020/Content/ContentExample/Assets/Blueprints/MyCharacterLDDemo.uasset" 61
"D:/GeekBrains/18112020/Valerii_18112020/Content/ContentExample/Assets/Blueprints/MyGameLDDemo.uasset" 62
"D:/GeekBrains/18112020/Valerii_18112020/Content/Download/FirstPerson/Character/Textures/UE4_LOGO_CARD.uasset" 63
"D:/GeekBrains/18112020/Valerii_18112020/Content/Download/FirstPerson/FPWeapon/Materials/MaterialLayers/ML_Plastic_Shiny_Beige_LOGO.uasset" 64
"D:/GeekBrains/18112020/Valerii_18112020/Content/Download/FirstPerson/FPWeapon/Materials/MaterialLayers/T_ML_FineRubber.uasset" 65
"D:/GeekBrains/18112020/Valerii_18112020/Content/Download/FirstPerson/FPWeapon/Mesh/SK_FPGun_PhysicsAsset.uasset" 66
"D:/GeekBrains/18112020/Valerii_18112020/Content/Download/FirstPersonBP/FirstPersonOverview.uasset" 67
"D:/GeekBrains/18112020/Valerii_18112020/Content/Download/FirstPerson/Character/Mesh/SK_Mannequin_Arms_Skeleton.uasset" 68
"D:/GeekBrains/18112020/Valerii_18112020/Content/Download/FirstPerson/Animations/FirstPerson_Idle.uasset" 69
"D:/GeekBrains/18112020/Valerii_18112020/Content/Download/FirstPerson/Animations/FirstPerson_JumpEnd.uasset" 70
"D:/GeekBrains/18112020/Valerii_18112020/Content/Download/FirstPerson/Animations/FirstPerson_JumpLoop.uasset" 71
"D:/GeekBrains/18112020/Valerii_18112020/Content/Download/FirstPerson/Animations/FirstPerson_JumpStart.uasset" 72
"D:/GeekBrains/18112020/Valerii_18112020/Content/Download/FirstPerson/Animations/FirstPerson_Run.uasset" 73
"../../../Engine/Content/EditorBlueprintResources/StandardMacros.uasset" 74
"D:/GeekBrains/18112020/Valerii_18112020/Content/Download/FirstPerson/Animations/FirstPerson_AnimBP.uasset" 75
"D:/GeekBrains/18112020/Valerii_18112020/Content/Download/FirstPerson/Animations/FirstPerson_Fire.uasset" 76
"D:/GeekBrains/18112020/Valerii_18112020/Content/Download/FirstPerson/Animations/FirstPersonFire_Montage.uasset" 77
"D:/GeekBrains/18112020/Valerii_18112020/Content/Download/FirstPerson/Audio/FirstPersonTemplateWeaponFire02.uasset" 78
"D:/GeekBrains/18112020/Valerii_18112020/Content/Download/FirstPerson/Character/Materials/MaterialLayers/T_ML_Rubber_Blue_01_D.uasset" 79
"D:/GeekBrains/18112020/Valerii_18112020/Content/Download/FirstPerson/Character/Materials/MaterialLayers/T_ML_Rubber_Blue_01_N.uasset" 80
"D:/GeekBrains/18112020/Valerii_18112020/Content/Download/FirstPerson/Character/Materials/MaterialLayers/ML_GlossyBlack_Latex_UE4.uasset" 81
"D:/GeekBrains/18112020/Valerii_18112020/Content/Download/FirstPerson/Character/Materials/MaterialLayers/ML_Plastic_Shiny_Beige.uasset" 82
"D:/GeekBrains/18112020/Valerii_18112020/Content/Download/FirstPerson/Character/Materials/MaterialLayers/ML_Plastic_Shiny_Beige_LOGO.uasset" 83
"D:/GeekBrains/18112020/Valerii_18112020/Content/Download/FirstPerson/Character/Materials/MaterialLayers/T_ML_Aluminum01.uasset" 84
"D:/GeekBrains/18112020/Valerii_18112020/Content/Download/FirstPerson/Character/Materials/MaterialLayers/T_ML_Aluminum01_N.uasset" 85
"D:/GeekBrains/18112020/Valerii_18112020/Content/Download/FirstPerson/Character/Materials/MaterialLayers/ML_SoftMetal_UE4.uasset" 86
"D:/GeekBrains/18112020/Valerii_18112020/Content/Download/FirstPerson/Character/Textures/UE4_Mannequin__normals.uasset" 87
"D:/GeekBrains/18112020/Valerii_18112020/Content/Download/FirstPerson/Character/Textures/UE4_Mannequin_MAT_MASKA.uasset" 88
"D:/GeekBrains/18112020/Valerii_18112020/Content/Download/FirstPerson/Character/Materials/M_UE4Man_Body.uasset" 89
"D:/GeekBrains/18112020/Valerii_18112020/Content/Download/FirstPerson/Character/Mesh/SK_Mannequin_Arms_PhysicsAsset.uasset" 90
"D:/GeekBrains/18112020/Valerii_18112020/Content/Download/FirstPerson/Character/Mesh/SK_Mannequin_Arms.uasset" 91
"D:/GeekBrains/18112020/Valerii_18112020/Content/Download/FirstPerson/FPWeapon/Materials/MaterialLayers/T_ML_Rubber_Blue_01_D.uasset" 92
"D:/GeekBrains/18112020/Valerii_18112020/Content/Download/FirstPerson/FPWeapon/Materials/MaterialLayers/T_ML_Rubber_Blue_01_N.uasset" 93
"D:/GeekBrains/18112020/Valerii_18112020/Content/Download/FirstPerson/FPWeapon/Materials/MaterialLayers/ML_GlossyBlack_Latex_UE4.uasset" 94
"D:/GeekBrains/18112020/Valerii_18112020/Content/Download/FirstPerson/FPWeapon/Materials/MaterialLayers/ML_Plastic_Shiny_Beige.uasset" 95
"D:/GeekBrains/18112020/Valerii_18112020/Content/Download/FirstPerson/FPWeapon/Materials/MaterialLayers/ML_Screen.uasset" 96
"D:/GeekBrains/18112020/Valerii_18112020/Content/Download/FirstPerson/FPWeapon/Materials/MaterialLayers/T_ML_Aluminum01.uasset" 97
"D:/GeekBrains/18112020/Valerii_18112020/Content/Download/FirstPerson/FPWeapon/Materials/MaterialLayers/T_ML_Aluminum01_N.uasset" 98
"D:/GeekBrains/18112020/Valerii_18112020/Content/Download/FirstPerson/FPWeapon/Materials/MaterialLayers/ML_SoftMetal_UE4.uasset" 99
"D:/GeekBrains/18112020/Valerii_18112020/Content/Download/FirstPerson/FPWeapon/Textures/T_FPGun_M.uasset" 100
"D:/GeekBrains/18112020/Valerii_18112020/Content/Download/FirstPerson/FPWeapon/Textures/T_FPGun_N.uasset" 101
"D:/GeekBrains/18112020/Valerii_18112020/Content/Download/FirstPerson/FPWeapon/Materials/M_FPGun.uasset" 102
"D:/GeekBrains/18112020/Valerii_18112020/Content/Download/FirstPerson/FPWeapon/Mesh/SK_FPGun_Skeleton.uasset" 103
"D:/GeekBrains/18112020/Valerii_18112020/Content/Download/FirstPerson/FPWeapon/Mesh/SK_FPGun.uasset" 104
"D:/GeekBrains/18112020/Valerii_18112020/Content/Download/FirstPersonBP/Blueprints/FirstPersonCharacter.uasset" 105
"D:/GeekBrains/18112020/Valerii_18112020/Content/Download/FirstPerson/Textures/FirstPersonCrosshair.uasset" 106
"D:/GeekBrains/18112020/Valerii_18112020/Content/Download/FirstPersonBP/Blueprints/FirstPersonHUD.uasset" 107
"D:/GeekBrains/18112020/Valerii_18112020/Content/Download/FirstPersonBP/Blueprints/FirstPersonGameMode.uasset" 108
"../../../Engine/Content/EngineMeshes/Humanoid.uasset" 109
"D:/GeekBrains/18112020/Valerii_18112020/Content/Download/Mannequin/Character/Mesh/UE4_Mannequin_Skeleton.uasset" 110
"D:/GeekBrains/18112020/Valerii_18112020/Content/Download/Mannequin/Animations/ThirdPersonJump_End.uasset" 111
"D:/GeekBrains/18112020/Valerii_18112020/Content/Download/StarterContent/Materials/M_Basic_Wall.uasset" 112
"D:/GeekBrains/18112020/Valerii_18112020/Content/Download/StarterContent/Architecture/Pillar_50x500.uasset" 113
"D:/GeekBrains/18112020/Valerii_18112020/Content/Download/StarterContent/Architecture/Wall_400x300.uasset" 114
"D:/GeekBrains/18112020/Valerii_18112020/Content/Download/StarterContent/Architecture/Wall_500x500.uasset" 115
"D:/GeekBrains/18112020/Valerii_18112020/Content/Download/StarterContent/Architecture/Wall_Window_400x400.uasset" 116
"D:/GeekBrains/18112020/Valerii_18112020/Content/Download/StarterContent/Audio/Collapse01.uasset" 117
"D:/GeekBrains/18112020/Valerii_18112020/Content/Download/StarterContent/Audio/Collapse02.uasset" 118
"D:/GeekBrains/18112020/Valerii_18112020/Content/Download/StarterContent/Audio/Explosion01.uasset" 119
"D:/GeekBrains/18112020/Valerii_18112020/Content/Download/StarterContent/Audio/Explosion02.uasset" 120
"D:/GeekBrains/18112020/Valerii_18112020/Content/Download/StarterContent/Audio/Light01.uasset" 121
"D:/GeekBrains/18112020/Valerii_18112020/Content/Download/StarterContent/Audio/Light01_Cue.uasset" 122
"D:/GeekBrains/18112020/Valerii_18112020/Content/Download/StarterContent/Audio/Light02.uasset" 123
"D:/GeekBrains/18112020/Valerii_18112020/Content/Download/StarterContent/Audio/Light02_Cue.uasset" 124
"D:/GeekBrains/18112020/Valerii_18112020/Content/Download/StarterContent/Audio/Explosion_Cue.uasset" 125
"D:/GeekBrains/18112020/Valerii_18112020/Content/Download/StarterContent/Textures/T_Burst_M.uasset" 126
"D:/GeekBrains/18112020/Valerii_18112020/Content/Download/StarterContent/Particles/Materials/M_Burst.uasset" 127
"D:/GeekBrains/18112020/Valerii_18112020/Content/Download/StarterContent/Textures/T_Explosion_SubUV.uasset" 128
"D:/GeekBrains/18112020/Valerii_18112020/Content/Download/StarterContent/Particles/Materials/M_explosion_subUV.uasset" 129
"D:/GeekBrains/18112020/Valerii_18112020/Content/Download/StarterContent/Particles/Materials/m_flare_01.uasset" 130
"../../../Engine/Content/Functions/Engine_MaterialFunctions01/Gradient/RadialGradient.uasset" 131
"D:/GeekBrains/18112020/Valerii_18112020/Content/Download/StarterContent/Particles/Materials/M_radial_ramp.uasset" 132
"D:/GeekBrains/18112020/Valerii_18112020/Content/Download/StarterContent/Textures/T_Smoke_SubUV.uasset" 133
"D:/GeekBrains/18112020/Valerii_18112020/Content/Download/StarterContent/Textures/T_Smoke_Tiled_D.uasset" 134
"D:/GeekBrains/18112020/Valerii_18112020/Content/Download/StarterContent/Particles/Materials/M_smoke_subUV.uasset" 135
"D:/GeekBrains/18112020/Valerii_18112020/Content/Download/StarterContent/Particles/P_Explosion.uasset" 136
"D:/GeekBrains/18112020/Valerii_18112020/Content/Download/StarterContent/Blueprints/Blueprint_Effect_Explosion.uasset" 137
"../../../Engine/Content/EditorMeshes/ColorCalibrator/T_ColorGrid.uasset" 138
"D:/GeekBrains/18112020/Valerii_18112020/Content/Download/StarterContent/Materials/M_ColorGrid_LowSpec.uasset" 139
"D:/GeekBrains/18112020/Valerii_18112020/Content/Download/StarterContent/Props/Materials/M_MaterialSphere.uasset" 140
"D:/GeekBrains/18112020/Valerii_18112020/Content/Download/StarterContent/Props/Materials/M_MaterialSphere_Plain.uasset" 141
"D:/GeekBrains/18112020/Valerii_18112020/Content/Download/StarterContent/Props/SM_MatPreviewMesh_02.uasset" 142
"D:/GeekBrains/18112020/Valerii_18112020/Content/Download/StarterContent/Textures/T_Shelf_M.uasset" 143
"D:/GeekBrains/18112020/Valerii_18112020/Content/Download/StarterContent/Textures/T_Shelf_N.uasset" 144
"D:/GeekBrains/18112020/Valerii_18112020/Content/Download/StarterContent/Props/Materials/M_Shelf.uasset" 145
"D:/GeekBrains/18112020/Valerii_18112020/Content/Download/StarterContent/Props/SM_Shelf.uasset" 146
"D:/GeekBrains/18112020/Valerii_18112020/Content/Download/StarterContent/Materials/M_Basic_Floor.uasset" 147
"D:/GeekBrains/18112020/Valerii_18112020/Content/Download/StarterContent/Props/SM_Stairs.uasset" 148
"D:/GeekBrains/18112020/Valerii_18112020/Content/Download/StarterContent/Shapes/Shape_Cone.uasset" 149
"D:/GeekBrains/18112020/Valerii_18112020/Content/Download/StarterContent/Shapes/Shape_Cylinder.uasset" 150
"D:/GeekBrains/18112020/Valerii_18112020/Content/Download/StarterContent/Shapes/Shape_NarrowCapsule.uasset" 151
"D:/GeekBrains/18112020/Valerii_18112020/Content/Download/StarterContent/Shapes/Shape_Pipe.uasset" 152
"D:/GeekBrains/18112020/Valerii_18112020/Content/Download/StarterContent/Shapes/Shape_Pipe_180.uasset" 153
"D:/GeekBrains/18112020/Valerii_18112020/Content/Download/StarterContent/Shapes/Shape_Pipe_90.uasset" 154
"D:/GeekBrains/18112020/Valerii_18112020/Content/Download/StarterContent/Shapes/Shape_Torus.uasset" 155
"D:/GeekBrains/18112020/Valerii_18112020/Content/Download/StarterContent/Shapes/Shape_Trim.uasset" 156
"D:/GeekBrains/18112020/Valerii_18112020/Content/Download/StarterContent/Shapes/Shape_Trim_90_In.uasset" 157
"D:/GeekBrains/18112020/Valerii_18112020/Content/Download/StarterContent/Shapes/Shape_Trim_90_Out.uasset" 158
"D:/GeekBrains/18112020/Valerii_18112020/Content/Download/StarterContent/Shapes/Shape_TriPyramid.uasset" 159
"D:/GeekBrains/18112020/Valerii_18112020/Content/Download/StarterContent/Shapes/Shape_Tube.uasset" 160
"D:/GeekBrains/18112020/Valerii_18112020/Content/Download/StarterContent/Shapes/Shape_Wedge_A.uasset" 161
"D:/GeekBrains/18112020/Valerii_18112020/Content/Download/StarterContent/Shapes/Shape_Wedge_B.uasset" 162
"D:/GeekBrains/18112020/Valerii_18112020/Content/Download/StarterContent/Shapes/Shape_WideCapsule.uasset" 163
"D:/GeekBrains/18112020/Valerii_18112020/Content/Download/ThirdPersonBP/ThirdPersonOverview.uasset" 164
"D:/GeekBrains/18112020/Valerii_18112020/Content/Download/Mannequin/Animations/ThirdPerson_Jump.uasset" 165
"D:/GeekBrains/18112020/Valerii_18112020/Content/Download/Mannequin/Animations/ThirdPersonJump_Loop.uasset" 166
"D:/GeekBrains/18112020/Valerii_18112020/Content/Download/Mannequin/Animations/ThirdPersonJump_Start.uasset" 167
"D:/GeekBrains/18112020/Valerii_18112020/Content/Download/Mannequin/Animations/ThirdPersonIdle.uasset" 168
"D:/GeekBrains/18112020/Valerii_18112020/Content/Download/Mannequin/Animations/ThirdPersonRun.uasset" 169
"D:/GeekBrains/18112020/Valerii_18112020/Content/Download/Mannequin/Animations/ThirdPersonWalk.uasset" 170
"D:/GeekBrains/18112020/Valerii_18112020/Content/Download/Mannequin/Animations/ThirdPerson_IdleRun_2D.uasset" 171
"D:/GeekBrains/18112020/Valerii_18112020/Content/Download/Mannequin/Animations/ThirdPerson_AnimBP.uasset" 172
"D:/GeekBrains/18112020/Valerii_18112020/Content/Download/Mannequin/Character/Materials/MaterialLayers/T_ML_Rubber_Blue_01_D.uasset" 173
"D:/GeekBrains/18112020/Valerii_18112020/Content/Download/Mannequin/Character/Materials/MaterialLayers/T_ML_Rubber_Blue_01_N.uasset" 174
"D:/GeekBrains/18112020/Valerii_18112020/Content/Download/Mannequin/Character/Materials/MaterialLayers/ML_GlossyBlack_Latex_UE4.uasset" 175
"D:/GeekBrains/18112020/Valerii_18112020/Content/Download/Mannequin/Character/Materials/MaterialLayers/ML_Plastic_Shiny_Beige.uasset" 176
"D:/GeekBrains/18112020/Valerii_18112020/Content/Download/Mannequin/Character/Textures/UE4_LOGO_CARD.uasset" 177
"D:/GeekBrains/18112020/Valerii_18112020/Content/Download/Mannequin/Character/Materials/MaterialLayers/ML_Plastic_Shiny_Beige_LOGO.uasset" 178
"D:/GeekBrains/18112020/Valerii_18112020/Content/Download/Mannequin/Character/Materials/MaterialLayers/T_ML_Aluminum01.uasset" 179
"D:/GeekBrains/18112020/Valerii_18112020/Content/Download/Mannequin/Character/Materials/MaterialLayers/T_ML_Aluminum01_N.uasset" 180
"D:/GeekBrains/18112020/Valerii_18112020/Content/Download/Mannequin/Character/Materials/MaterialLayers/ML_SoftMetal_UE4.uasset" 181
"D:/GeekBrains/18112020/Valerii_18112020/Content/Download/Mannequin/Character/Textures/UE4_Mannequin__normals.uasset" 182
"D:/GeekBrains/18112020/Valerii_18112020/Content/Download/Mannequin/Character/Textures/UE4_Mannequin_MAT_MASKA.uasset" 183
"D:/GeekBrains/18112020/Valerii_18112020/Content/Download/Mannequin/Character/Materials/M_UE4Man_Body.uasset" 184
"D:/GeekBrains/18112020/Valerii_18112020/Content/Download/Mannequin/Character/Textures/UE4Man_Logo_N.uasset" 185
"D:/GeekBrains/18112020/Valerii_18112020/Content/Download/Mannequin/Character/Materials/M_UE4Man_ChestLogo.uasset" 186
"D:/GeekBrains/18112020/Valerii_18112020/Content/Download/Mannequin/Character/Mesh/SK_Mannequin_PhysicsAsset.uasset" 187
"D:/GeekBrains/18112020/Valerii_18112020/Content/Download/Mannequin/Character/Mesh/SK_Mannequin.uasset" 188
"D:/GeekBrains/18112020/Valerii_18112020/Content/Download/ThirdPersonBP/Blueprints/ThirdPersonCharacter.uasset" 189
"D:/GeekBrains/18112020/Valerii_18112020/Content/Download/ThirdPersonBP/Blueprints/ThirdPersonGameMode.uasset" 190
"D:/GeekBrains/18112020/Valerii_18112020/Content/VeleriiTPS/BluePrints/Interract/BaseInteract.uasset" 191
"D:/GeekBrains/18112020/Valerii_18112020/Content/Download/StarterContent/Textures/T_Lamp_M.uasset" 192
"D:/GeekBrains/18112020/Valerii_18112020/Content/Download/StarterContent/Textures/T_Lamp_N.uasset" 193
"D:/GeekBrains/18112020/Valerii_18112020/Content/Download/StarterContent/Props/Materials/M_Lamp.uasset" 194
"D:/GeekBrains/18112020/Valerii_18112020/Content/Download/StarterContent/Props/SM_Lamp_Ceiling.uasset" 195
"D:/GeekBrains/18112020/Valerii_18112020/Content/VeleriiTPS/BluePrints/Interract/BaseLamp.uasset" 196
"D:/GeekBrains/18112020/Valerii_18112020/Content/Trash/BaseLamp_Test.uasset" 197
"D:/GeekBrains/18112020/Valerii_18112020/Content/Trash/Branch.uasset" 198
"D:/GeekBrains/18112020/Valerii_18112020/Content/Download/StarterContent/Textures/T_Chair_M.uasset" 199
"D:/GeekBrains/18112020/Valerii_18112020/Content/Download/StarterContent/Textures/T_Chair_N.uasset" 200
"D:/GeekBrains/18112020/Valerii_18112020/Content/Download/StarterContent/Props/Materials/M_Chair.uasset" 201
"D:/GeekBrains/18112020/Valerii_18112020/Content/Download/StarterContent/Props/SM_Chair.uasset" 202
"D:/GeekBrains/18112020/Valerii_18112020/Content/Trash/NewBlueprint.uasset" 203
"D:/GeekBrains/18112020/Valerii_18112020/Content/Trash/M_UE4Man_Body.uasset" 204
"D:/GeekBrains/18112020/Valerii_18112020/Content/Trash/M_UE4Man_ChestLogo.uasset" 205
"D:/GeekBrains/18112020/Valerii_18112020/Content/Trash/SK_Mannequin_PhysicsAsset.uasset" 206
"D:/GeekBrains/18112020/Valerii_18112020/Content/Trash/SK_Mannequin_Skeleton.uasset" 207
"D:/GeekBrains/18112020/Valerii_18112020/Content/Trash/SK_Mannequin.uasset" 208
"../../../Engine/Content/Functions/Engine_MaterialFunctions01/Opacity/CameraDepthFade.uasset" 209
"../../../Engine/Content/EngineMaterials/T_Default_Material_Grid_M.uasset" 210
"../../../Engine/Content/EngineMaterials/T_Default_Material_Grid_N.uasset" 211
"../../../Engine/Content/EngineMaterials/WorldGridMaterial.uasset" 212
"D:/GeekBrains/18112020/Valerii_18112020/Content/Trash/Sphere_Brush_StaticMesh.uasset" 213
"D:/GeekBrains/18112020/Valerii_18112020/Content/Download/StarterContent/Textures/T_CobbleStone_Pebble_D.uasset" 214
"D:/GeekBrains/18112020/Valerii_18112020/Content/Download/StarterContent/Textures/T_CobbleStone_Pebble_M.uasset" 215
"D:/GeekBrains/18112020/Valerii_18112020/Content/Download/StarterContent/Textures/T_CobbleStone_Pebble_N.uasset" 216
"D:/GeekBrains/18112020/Valerii_18112020/Content/Download/StarterContent/Materials/M_CobbleStone_Pebble.uasset" 217
"D:/GeekBrains/18112020/Valerii_18112020/Content/Trash/Sphere_Brush_StaticMesh1.uasset" 218
"D:/GeekBrains/18112020/Valerii_18112020/Content/Trash/ThirdPersonWalk.uasset" 219
"D:/GeekBrains/18112020/Valerii_18112020/Content/VeleriiTPS/BluePrints/BaseLamp.uasset" 220
"D:/GeekBrains/18112020/Valerii_18112020/Content/Download/StarterContent/Textures/T_Metal_Aluminum_D.uasset" 221
"D:/GeekBrains/18112020/Valerii_18112020/Content/Download/StarterContent/Textures/T_Metal_Gold_N.uasset" 222
"D:/GeekBrains/18112020/Valerii_18112020/Content/Download/StarterContent/Materials/M_Metal_Burnished_Steel.uasset" 223
"D:/GeekBrains/18112020/Valerii_18112020/Content/Download/StarterContent/Textures/T_Fire_SubUV.uasset" 224
"D:/GeekBrains/18112020/Valerii_18112020/Content/Download/StarterContent/Textures/T_Fire_Tiled_D.uasset" 225
"D:/GeekBrains/18112020/Valerii_18112020/Content/Download/StarterContent/Particles/Materials/M_Fire_SubUV.uasset" 226
"D:/GeekBrains/18112020/Valerii_18112020/Content/Download/StarterContent/Textures/T_Water_N.uasset" 227
"D:/GeekBrains/18112020/Valerii_18112020/Content/Download/StarterContent/Particles/Materials/M_Heat_Distortion.uasset" 228
"D:/GeekBrains/18112020/Valerii_18112020/Content/Download/StarterContent/Particles/Materials/M_Radial_Gradient.uasset" 229
"D:/GeekBrains/18112020/Valerii_18112020/Content/Download/StarterContent/Particles/P_Fire.uasset" 230
"D:/GeekBrains/18112020/Valerii_18112020/Content/VeleriiTPS/BluePrints/Interract/Torch.uasset" 231
"D:/GeekBrains/18112020/Valerii_18112020/Content/VeleriiTPS/BluePrints/Torch.uasset" 232
"D:/GeekBrains/18112020/Valerii_18112020/Content/AnimStarterPack/Idle_Rifle_Ironsights.uasset" 233
"D:/GeekBrains/18112020/Valerii_18112020/Content/AnimStarterPack/Walk_Bwd_Rifle_Ironsights.uasset" 234
"D:/GeekBrains/18112020/Valerii_18112020/Content/AnimStarterPack/Walk_Fwd_Rifle_Ironsights.uasset" 235
"D:/GeekBrains/18112020/Valerii_18112020/Content/AnimStarterPack/Walk_Lt_Rifle_Ironsights.uasset" 236
"D:/GeekBrains/18112020/Valerii_18112020/Content/AnimStarterPack/Walk_Rt_Rifle_Ironsights.uasset" 237
"D:/GeekBrains/18112020/Valerii_18112020/Content/VeleriiTPS/BluePrints/Animation/IronSide.uasset" 238
"D:/GeekBrains/18112020/Valerii_18112020/Content/AnimStarterPack/Idle_Rifle_Hip.uasset" 239
"D:/GeekBrains/18112020/Valerii_18112020/Content/AnimStarterPack/Jog_Bwd_Rifle.uasset" 240
"D:/GeekBrains/18112020/Valerii_18112020/Content/AnimStarterPack/Jog_Fwd_Rifle.uasset" 241
"D:/GeekBrains/18112020/Valerii_18112020/Content/AnimStarterPack/Jog_Lt_Rifle.uasset" 242
"D:/GeekBrains/18112020/Valerii_18112020/Content/AnimStarterPack/Jog_Rt_Rifle.uasset" 243
"D:/GeekBrains/18112020/Valerii_18112020/Content/AnimStarterPack/Sprint_Fwd_Rifle.uasset" 244
"D:/GeekBrains/18112020/Valerii_18112020/Content/VeleriiTPS/BluePrints/Animation/LocomotionBS.uasset" 245
"D:/GeekBrains/18112020/Valerii_18112020/Content/VeleriiTPS/BluePrints/Animation/MainAnimBP.uasset" 246
"D:/GeekBrains/18112020/Valerii_18112020/Content/AnimStarterPack/Hit_React_4.uasset" 247
"D:/GeekBrains/18112020/Valerii_18112020/Content/AnimStarterPack/Hit_React_4_Montage.uasset" 248
"D:/GeekBrains/18112020/Valerii_18112020/Content/AnimStarterPack/Fire_Shotgun_Hip.uasset" 249
"D:/GeekBrains/18112020/Valerii_18112020/Content/AnimStarterPack/ShotGunAttack.uasset" 250
"D:/GeekBrains/18112020/Valerii_18112020/Content/Download/FirstPerson/Meshes/BaseMaterial.uasset" 251
"D:/GeekBrains/18112020/Valerii_18112020/Content/Download/FirstPerson/Meshes/FirstPersonProjectileMaterial.uasset" 252
"../../../Engine/Content/EngineMaterials/DefaultMaterial.uasset" 253
"D:/GeekBrains/18112020/Valerii_18112020/Content/Trash/Sphere.uasset" 254
"D:/GeekBrains/18112020/Valerii_18112020/Content/VeleriiTPS/BluePrints/Weapon/Shell.uasset" 255
"D:/GeekBrains/18112020/Valerii_18112020/Content/VeleriiTPS/BluePrints/Weapon/SK_FPGun.uasset" 256
"D:/GeekBrains/18112020/Valerii_18112020/Content/VeleriiTPS/BluePrints/Weapon/BaseWeapon.uasset" 257
"D:/GeekBrains/18112020/Valerii_18112020/Content/Download/StarterContent/Textures/T_Perlin_Noise_M.uasset" 258
"D:/GeekBrains/18112020/Valerii_18112020/Content/Download/StarterContent/Materials/M_Water_Lake.uasset" 259
"D:/GeekBrains/18112020/Valerii_18112020/Content/AnimStarterPack/UE4_Mannequin/Mesh/MainSkeletalMesh.uasset" 260
"D:/GeekBrains/18112020/Valerii_18112020/Content/VeleriiTPS/BluePrints/AI/Team.uasset" 261
"D:/GeekBrains/18112020/Valerii_18112020/Content/VeleriiTPS/BluePrints/Character/MainCharacter.uasset" 262
"D:/GeekBrains/18112020/Valerii_18112020/Content/VeleriiTPS/BluePrints/AI/MyTargetPoint.uasset" 263
"D:/GeekBrains/18112020/Valerii_18112020/Content/Download/StarterContent/Textures/T_Metal_Steel_D.uasset" 264
"D:/GeekBrains/18112020/Valerii_18112020/Content/Download/StarterContent/Textures/T_Metal_Steel_N.uasset" 265
"D:/GeekBrains/18112020/Valerii_18112020/Content/Download/StarterContent/Materials/M_Metal_Steel.uasset" 266
"D:/GeekBrains/18112020/Valerii_18112020/Content/VeleriiTPS/BluePrints/Weapon/ShellCannon.uasset" 267
"D:/GeekBrains/18112020/Valerii_18112020/Content/Download/StarterContent/Materials/M_Metal_Chrome.uasset" 268
"D:/GeekBrains/18112020/Valerii_18112020/Content/VeleriiTPS/BluePrints/Weapon/Cannon.uasset" 269
"D:/GeekBrains/18112020/Valerii_18112020/Content/Download/StarterContent/Textures/T_Metal_Gold_D.uasset" 270
"D:/GeekBrains/18112020/Valerii_18112020/Content/Download/StarterContent/Materials/M_Metal_Gold.uasset" 271
"D:/GeekBrains/18112020/Valerii_18112020/Content/Download/StarterContent/Audio/Fire_Sparks01.uasset" 272
"D:/GeekBrains/18112020/Valerii_18112020/Content/Download/StarterContent/Audio/Fire_Sparks01_Cue.uasset" 273
"D:/GeekBrains/18112020/Valerii_18112020/Content/Download/StarterContent/Textures/T_Spark_Core.uasset" 274
"D:/GeekBrains/18112020/Valerii_18112020/Content/Download/StarterContent/Particles/Materials/M_Spark.uasset" 275
"D:/GeekBrains/18112020/Valerii_18112020/Content/Download/StarterContent/Particles/P_Sparks.uasset" 276
"D:/GeekBrains/18112020/Valerii_18112020/Content/VeleriiTPS/BluePrints/Weapon/LaserGun.uasset" 277
"D:/GeekBrains/18112020/Valerii_18112020/Content/VeleriiTPS/BluePrints/Weapon/Rifle.uasset" 278
"D:/GeekBrains/18112020/Valerii_18112020/Content/VeleriiTPS/BluePrints/AI/MainAiCcontroller.uasset" 279
"D:/GeekBrains/18112020/Valerii_18112020/Content/Download/StarterContent/Textures/T_Tech_Hex_Tile_M.uasset" 280
"D:/GeekBrains/18112020/Valerii_18112020/Content/Download/StarterContent/Textures/T_Tech_Hex_Tile_N.uasset" 281
"D:/GeekBrains/18112020/Valerii_18112020/Content/Download/StarterContent/Materials/M_Tech_Hex_Tile_Pulse.uasset" 282
"D:/GeekBrains/18112020/Valerii_18112020/Content/VeleriiTPS/UIX/HeadHP.uasset" 283
"D:/GeekBrains/18112020/Valerii_18112020/Content/VeleriiTPS/BluePrints/AI/AI_Character.uasset" 284
"D:/GeekBrains/18112020/Valerii_18112020/Content/ContentExample/Assets/Textures/T_BottomTrim_M.uasset" 285
"D:/GeekBrains/18112020/Valerii_18112020/Content/ContentExample/Assets/Textures/T_BottomTrim_N.uasset" 286
"D:/GeekBrains/18112020/Valerii_18112020/Content/ContentExample/Assets/Textures/T_FloorMarble_D.uasset" 287
"D:/GeekBrains/18112020/Valerii_18112020/Content/ContentExample/Assets/Textures/T_Marble_N.uasset" 288
"D:/GeekBrains/18112020/Valerii_18112020/Content/ContentExample/Assets/Materials/M_BottomTrim.uasset" 289
"D:/GeekBrains/18112020/Valerii_18112020/Content/ContentExample/Assets/Materials/M_BottomTrim_Inst_Black.uasset" 290
"D:/GeekBrains/18112020/Valerii_18112020/Content/VeleriiTPS/BluePrints/AI/AI_Character_Red.uasset" 291
"D:/GeekBrains/18112020/Valerii_18112020/Content/ContentExample/Assets/Textures/T_FloorTileMaskes_M.uasset" 292
"D:/GeekBrains/18112020/Valerii_18112020/Content/ContentExample/Assets/Textures/T_FloorTiles_N.uasset" 293
"D:/GeekBrains/18112020/Valerii_18112020/Content/ContentExample/Assets/Textures/T_FloorTiles_M.uasset" 294
"D:/GeekBrains/18112020/Valerii_18112020/Content/ContentExample/Assets/Materials/M_FloorTiles1.uasset" 295
"D:/GeekBrains/18112020/Valerii_18112020/Content/ContentExample/Assets/Materials/M_FloorTiles1_Inst.uasset" 296
"D:/GeekBrains/18112020/Valerii_18112020/Content/ContentExample/Assets/Textures/T_FloorTiles2_N.uasset" 297
"D:/GeekBrains/18112020/Valerii_18112020/Content/ContentExample/Assets/Textures/T_FloorTiles2_M.uasset" 298
"D:/GeekBrains/18112020/Valerii_18112020/Content/ContentExample/Assets/Materials/M_FloorTiles2_Inst.uasset" 299
"D:/GeekBrains/18112020/Valerii_18112020/Content/VeleriiTPS/BluePrints/AI/AI_Character_Red_Blue.uasset" 300
"D:/GeekBrains/18112020/Valerii_18112020/Content/VeleriiTPS/BluePrints/AI/AI_Spawner.uasset" 301
"D:/GeekBrains/18112020/Valerii_18112020/Content/VeleriiTPS/BluePrints/Character/AI_Character.uasset" 302
"D:/GeekBrains/18112020/Valerii_18112020/Content/VeleriiTPS/BluePrints/Character/Boss.uasset" 303
"D:/GeekBrains/18112020/Valerii_18112020/Content/Download/StarterContent/Materials/M_AssetPlatform.uasset" 304
"D:/GeekBrains/18112020/Valerii_18112020/Content/Download/StarterContent/Architecture/SM_AssetPlatform.uasset" 305
"D:/GeekBrains/18112020/Valerii_18112020/Content/VeleriiTPS/BluePrints/Interract/HoverPlatform.uasset" 306
"D:/GeekBrains/18112020/Valerii_18112020/Content/Download/StarterContent/Shapes/Shape_Plane.uasset" 307
"D:/GeekBrains/18112020/Valerii_18112020/Content/VeleriiTPS/BluePrints/Interract/VoidZone.uasset" 308
"D:/GeekBrains/18112020/Valerii_18112020/Content/VeleriiTPS/UIX/MainWindow.uasset" 309
"D:/GeekBrains/18112020/Valerii_18112020/Content/VeleriiTPS/BluePrints/Main/MainController.uasset" 310
"D:/GeekBrains/18112020/Valerii_18112020/Content/VeleriiTPS/BluePrints/Main/MainGameMode.uasset" 311
"../../../Engine/Content/Animation/DefaultAnimCurveCompressionSettings.uasset" 312
"../../../Engine/Content/ArtTools/RenderToTexture/Meshes/S_1_Unit_Plane.uasset" 313
"../../../Engine/Content/BasicShapes/Cone.uasset" 314
"../../../Engine/Content/BasicShapes/Cylinder.uasset" 315
"../../../Engine/Content/BasicShapes/Plane.uasset" 316
"../../../Engine/Content/BasicShapes/Sphere.uasset" 317
"../../../Engine/Content/EditorLandscapeResources/DataLayer.uasset" 318
"../../../Engine/Content/EditorMaterials/MAT_Groups_Toggle.uasset" 319
"../../../Engine/Content/EditorMaterials/MAT_Groups_Visibility.uasset" 320
"../../../Engine/Content/EditorMaterials/PreviewShadowIndicator.uasset" 321
"../../../Engine/Content/EditorMaterials/PreviewShadowIndicatorMaterial.uasset" 322
"../../../Engine/Content/EditorMaterials/MatineeGroups/MAT_ColorTrack.uasset" 323
"../../../Engine/Content/EditorMaterials/MatineeGroups/MAT_Groups_Anim.uasset" 324
"../../../Engine/Content/EditorMaterials/MatineeGroups/MAT_Groups_AudioMaster.uasset" 325
"../../../Engine/Content/EditorMaterials/MatineeGroups/MAT_Groups_Director.uasset" 326
"../../../Engine/Content/EditorMaterials/MatineeGroups/MAT_Groups_Event.uasset" 327
"../../../Engine/Content/EditorMaterials/MatineeGroups/MAT_Groups_Fade.uasset" 328
"../../../Engine/Content/EditorMaterials/MatineeGroups/MAT_Groups_Float.uasset" 329
"../../../Engine/Content/EditorMaterials/MatineeGroups/MAT_Groups_Move.uasset" 330
"../../../Engine/Content/EditorMaterials/MatineeGroups/MAT_Groups_Slomo.uasset" 331
"../../../Engine/Content/EditorMaterials/MatineeGroups/MAT_Groups_Sound.uasset" 332
"../../../Engine/Content/EditorMaterials/MatineeGroups/MAT_Groups_Vector.uasset" 333
"../../../Engine/Content/EditorMaterials/ParticleSystems/PSysThumbnail_NoImage.uasset" 334
"../../../Engine/Content/EditorMaterials/ParticleSystems/PSysThumbnail_OOD.uasset" 335
"../../../Engine/Content/EditorMaterials/Camera/CineMat.uasset" 336
"../../../Engine/Content/EditorMaterials/Camera/MI_CineMat_Rig.uasset" 337
"../../../Engine/Content/EditorMeshes/Camera/SM_CraneRig_Arm.uasset" 338
"../../../Engine/Content/EditorMeshes/Camera/SM_CraneRig_Base.uasset" 339
"../../../Engine/Content/EditorMeshes/Camera/SM_CraneRig_Body.uasset" 340
"../../../Engine/Content/EditorMeshes/Camera/SM_CraneRig_Mount.uasset" 341
"../../../Engine/Content/EditorMeshes/Camera/SM_RailRig_Mount.uasset" 342
"../../../Engine/Content/EditorMeshes/Camera/SM_RailRig_Track.uasset" 343
"../../../Engine/Content/EditorResources/BSPVertex.uasset" 344
"../../../Engine/Content/EditorResources/EmptyActor.uasset" 345
"../../../Engine/Content/EditorResources/S_Actor.uasset" 346
"../../../Engine/Content/EditorResources/S_Note.uasset" 347
"../../../Engine/Content/EditorResources/S_Solver.uasset" 348
"../../../Engine/Content/EditorResources/S_Trigger.uasset" 349
"../../../Engine/Content/EditorResources/AudioIcons/S_AudioComponent.uasset" 350
"../../../Engine/Content/EditorResources/AudioIcons/S_AudioComponent_AutoActivate.uasset" 351
"../../../Engine/Content/EditorResources/LightIcons/S_LightError.uasset" 352
"../../../Engine/Content/EditorResources/SequenceRecorder/Countdown.uasset" 353
"../../../Engine/Content/EditorResources/SequenceRecorder/RecordingIndicator.uasset" 354
"../../../Engine/Content/EditorSounds/Notifications/CompileFailed.uasset" 355
"../../../Engine/Content/EditorSounds/Notifications/CompileFailed_Cue.uasset" 356
"../../../Engine/Content/EditorSounds/Notifications/CompileSuccess.uasset" 357
"../../../Engine/Content/EditorSounds/Notifications/CompileStart_Cue.uasset" 358
"../../../Engine/Content/EditorSounds/Notifications/CompileSuccess_Cue.uasset" 359
"../../../Engine/Content/EngineDamageTypes/DmgTypeBP_Environmental.uasset" 360
"../../../Engine/Content/EngineDebugMaterials/DebugEditorMaterial.uasset" 361
"../../../Engine/Content/EngineDebugMaterials/DebugMeshMaterial.uasset" 362
"../../../Engine/Content/EngineDebugMaterials/M_SimpleUnlitTranslucent.uasset" 363
"../../../Engine/Content/Functions/Engine_MaterialFunctions02/Utility/CameraDirectionVector.uasset" 364
"../../../Engine/Content/EngineDebugMaterials/VolumeToRender.uasset" 365
"../../../Engine/Content/EngineDebugMaterials/M_VolumeRenderSphereTracePP.uasset" 366
"../../../Engine/Content/EngineDebugMaterials/WireframeMaterial.uasset" 367
"../../../Engine/Content/EngineFonts/Faces/DroidSansFallback.uasset" 368
"../../../Engine/Content/EngineFonts/Faces/RobotoBold.uasset" 369
"../../../Engine/Content/EngineFonts/Faces/RobotoBoldItalic.uasset" 370
"../../../Engine/Content/EngineFonts/Faces/RobotoItalic.uasset" 371
"../../../Engine/Content/EngineFonts/Faces/RobotoLight.uasset" 372
"../../../Engine/Content/EngineFonts/Faces/RobotoRegular.uasset" 373
"../../../Engine/Content/EngineFonts/Roboto.uasset" 374
"../../../Engine/Content/EngineMaterials/BaseFlattenDiffuseMap.uasset" 375
"../../../Engine/Content/EngineMaterials/BaseFlattenEmissiveMap.uasset" 376
"../../../Engine/Content/EngineMaterials/BaseFlattenGrayscaleMap.uasset" 377
"../../../Engine/Content/EngineMaterials/BaseFlattenNormalMap.uasset" 378
"../../../Engine/Content/EngineMaterials/BaseFlattenMaterial.uasset" 379
"../../../Engine/Content/EngineMaterials/BlueNoise.uasset" 380
"../../../Engine/Content/EngineMaterials/DefaultBloomKernel.uasset" 381
"../../../Engine/Content/EngineMaterials/DefaultBokeh.uasset" 382
"../../../Engine/Content/EngineMaterials/DefaultDiffuse.uasset" 383
"../../../Engine/Content/EngineMaterials/DefaultDeferredDecalMaterial.uasset" 384
"../../../Engine/Content/EngineMaterials/DefaultLightFunctionMaterial.uasset" 385
"../../../Engine/Content/Functions/Engine_MaterialFunctions02/Utility/BreakOutFloat2Components.uasset" 386
"../../../Engine/Content/EngineMaterials/DefaultPostProcessMaterial.uasset" 387
"../../../Engine/Content/EngineMaterials/DefaultWhiteGrid_Low.uasset" 388
"../../../Engine/Content/EngineMaterials/EmissiveMeshMaterial.uasset" 389
"../../../Engine/Content/EngineMaterials/GizmoMaterial.uasset" 390
"../../../Engine/Content/EngineMaterials/Good64x64TilingNoiseHighFreq.uasset" 391
"../../../Engine/Content/EngineMaterials/MiniFont.uasset" 392
"../../../Engine/Content/EngineMaterials/InvalidLightmapSettings.uasset" 393
"../../../Engine/Content/EngineMaterials/M_InvalidLightmapSettings.uasset" 394
"../../../Engine/Content/Functions/Engine_MaterialFunctions02/WorldPositionOffset/CameraOffset.uasset" 395
"../../../Engine/Content/EngineMaterials/PhAT_JointLimitMaterial.uasset" 396
"../../../Engine/Content/EngineMaterials/PreintegratedSkinBRDF.uasset" 397
"../../../Engine/Content/EngineMaterials/RemoveSurfaceMaterial.uasset" 398
"../../../Engine/Content/EngineResources/WhiteSquareTexture.uasset" 399
"../../../Engine/Content/EngineMaterials/Widget3DPassThrough.uasset" 400
"../../../Engine/Content/EngineMaterials/Widget3DPassThrough_Masked.uasset" 401
"../../../Engine/Content/EngineMaterials/Widget3DPassThrough_Opaque.uasset" 402
"../../../Engine/Content/EngineMaterials/Widget3DPassThrough_Masked_OneSided.uasset" 403
"../../../Engine/Content/EngineMaterials/Widget3DPassThrough_Opaque_OneSided.uasset" 404
"../../../Engine/Content/EngineMaterials/Widget3DPassThrough_Translucent.uasset" 405
"../../../Engine/Content/EngineMaterials/Widget3DPassThrough_Translucent_OneSided.uasset" 406
"../../../Engine/Content/EngineMeshes/Cylinder.uasset" 407
"../../../Engine/Content/EngineResources/Black.uasset" 408
"../../../Engine/Content/EngineResources/DefaultTexture.uasset" 409
"../../../Engine/Content/EngineResources/DefaultTextureCube.uasset" 410
"../../../Engine/Content/EngineResources/DefaultVolumeTexture2D.uasset" 411
"../../../Engine/Content/EngineResources/DefaultVolumeTexture.uasset" 412
"../../../Engine/Content/EngineResources/GradientTexture0.uasset" 413
"../../../Engine/Content/EngineSounds/Master.uasset" 414
"../../../Engine/Content/Functions/Engine_MaterialFunctions01/Shading/ConvertFromDiffSpec.uasset" 415
"../../../Engine/Content/Functions/Engine_MaterialFunctions01/Shading/PowerToRoughness.uasset" 416
"../../../Engine/Content/Maps/Templates/Thumbnails/Default.uasset" 417
"../../../Engine/Content/Maps/Templates/Thumbnails/TimeOfDay.uasset" 418
"../../../Engine/Content/Maps/Templates/Thumbnails/VR-Basic.uasset" 419
"../../../Engine/Content/MobileResources/T_MobileControls_texture.uasset" 420
"../../../Engine/Content/MobileResources/T_MobileMenu2.uasset" 421
"../../../Engine/Content/MobileResources/HUD/AnalogHat.uasset" 422
"../../../Engine/Content/MobileResources/HUD/VirtualJoystick_Background.uasset" 423
"../../../Engine/Content/MobileResources/HUD/VirtualJoystick_Thumb.uasset" 424
"../../../Engine/Content/MobileResources/HUD/DefaultVirtualJoysticks.uasset" 425
"../../../Engine/Content/MobileResources/HUD/LeftVirtualJoystickOnly.uasset" 426
"../../../Engine/Content/MobileResources/HUD/MobileHUDButton1_off.uasset" 427
"../../../Engine/Content/MobileResources/HUD/MobileHUDButton1_on.uasset" 428
"../../../Engine/Content/MobileResources/HUD/MobileHUDButton2_off.uasset" 429
"../../../Engine/Content/MobileResources/HUD/MobileHUDButton2_on.uasset" 430
"../../../Engine/Content/MobileResources/HUD/MobileHUDButton3.uasset" 431
"../../../Engine/Content/MobileResources/HUD/MobileHUDButtonFire.uasset" 432
"../../../Engine/Content/MobileResources/HUD/MobileHUDDirectionPad.uasset" 433
"../../../Engine/Content/MobileResources/HUD/MobileHUDDirectionPad2.uasset" 434
"../../../Engine/Content/MobileResources/HUD/MobileHUDDirectionPad3.uasset" 435
"../../../Engine/Content/MobileResources/HUD/MobileHUDDirectionStick.uasset" 436
"../../../Engine/Content/MobileResources/HUD/T_Castle_ThumbstickInner.uasset" 437
"../../../Engine/Content/MobileResources/HUD/T_Castle_ThumbstickOutter.uasset" 438
"../../../Engine/Content/Tutorial/ContentIntroCurve.uasset" 439
"../../../Engine/Content/Tutorial/Basics/LevelEditorAttract.uasset" 440
"../../../Engine/Content/VREditor/LaserPointer/VR_LaserPower_01.uasset" 441
"../../../Engine/Content/VREditor/TransformGizmo/TransformGizmoMaterial.uasset" 442
"../../../Engine/Content/VREditor/TransformGizmo/TranslucentTransformGizmoMaterial.uasset" 443
"../../../Engine/Content/VREditor/TransformGizmo/BoundingBoxCorner.uasset" 444
"../../../Engine/Content/VREditor/TransformGizmo/BoundingBoxEdge.uasset" 445
"../../../Engine/Content/VREditor/TransformGizmo/PlaneTranslationHandle.uasset" 446
"../../../Engine/Content/VREditor/TransformGizmo/Main.uasset" 447
"../../../Engine/Content/VREditor/TransformGizmo/Xray.uasset" 448
"../../../Engine/Content/VREditor/TransformGizmo/SM_Sequencer_Key.uasset" 449
"../../../Engine/Content/VREditor/TransformGizmo/SM_Sequencer_Node.uasset" 450
"../../Plugins/2D/Paper2D/Content/PlaceholderTextures/DummySpriteTexture.uasset" 451
"../../Plugins/2D/Paper2D/Content/DummySprite.uasset" 452
"../../Plugins/2D/Paper2D/Content/DefaultPaperTerrainMaterial.uasset" 453
"../../Plugins/2D/Paper2D/Content/DefaultSpriteMaterial.uasset" 454
"../../Plugins/2D/Paper2D/Content/MaskedUnlitSpriteMaterial.uasset" 455
"../../Plugins/2D/Paper2D/Content/OpaqueUnlitSpriteMaterial.uasset" 456
"../../Plugins/FX/Niagara/Content/Enums/ENiagaraBooleanLogicOps.uasset" 457
"../../Plugins/FX/Niagara/Content/Enums/ENiagaraCoordinateSpace.uasset" 458
"../../Plugins/FX/Niagara/Content/Enums/ENiagaraExpansionMode.uasset" 459
"../../Plugins/FX/Niagara/Content/Enums/ENiagaraOrientationAxis.uasset" 460
"../../Plugins/FX/Niagara/Content/Enums/ENiagaraRandomnessMode.uasset" 461
"../../../Engine/Content/Functions/Engine_MaterialFunctions02/Utility/BreakOutFloat4Components.uasset" 462
"../../../Engine/Content/Functions/Engine_MaterialFunctions02/Utility/MakeFloat2.uasset" 463
"../../../Engine/Content/Functions/Engine_MaterialFunctions02/Utility/MakeFloat3.uasset" 464
"../../Plugins/Runtime/Oculus/OculusVR/Content/Materials/OculusMR_ChromaKey.uasset" 465
"../../Plugins/Runtime/Oculus/OculusVR/Content/Materials/OculusMR_ChromaKey_Lit.uasset" 466
"../../Plugins/Runtime/Oculus/OculusVR/Content/Materials/OculusMR_OpaqueColoredMaterial.uasset" 467
"../../Plugins/Runtime/Oculus/OculusVR/Content/Materials/OculusMR_WhiteMaterial.uasset" 468
"D:/GeekBrains/18112020/Valerii_18112020/Content/AnimStarterPack/Crouch_Idle_Rifle_Hip.uasset" 469
"D:/GeekBrains/18112020/Valerii_18112020/Content/AnimStarterPack/Crouch_Idle_Rifle_Ironsights.uasset" 470
"D:/GeekBrains/18112020/Valerii_18112020/Content/AnimStarterPack/Crouch_Walk_Fwd_Rifle_Ironsights.uasset" 471
"D:/GeekBrains/18112020/Valerii_18112020/Content/AnimStarterPack/Equip_Pistol_Standing.uasset" 472
"D:/GeekBrains/18112020/Valerii_18112020/Content/AnimStarterPack/Fire_Rifle_Ironsights.uasset" 473
"D:/GeekBrains/18112020/Valerii_18112020/Content/AnimStarterPack/Hit_React_1.uasset" 474
"D:/GeekBrains/18112020/Valerii_18112020/Content/AnimStarterPack/Hit_React_2.uasset" 475
"D:/GeekBrains/18112020/Valerii_18112020/Content/AnimStarterPack/Hit_React_3.uasset" 476
"D:/GeekBrains/18112020/Valerii_18112020/Content/AnimStarterPack/Idle_Rifle_Hip_Break1.uasset" 477
"D:/GeekBrains/18112020/Valerii_18112020/Content/AnimStarterPack/Idle_Rifle_Hip_Break2.uasset" 478
"D:/GeekBrains/18112020/Valerii_18112020/Content/AnimStarterPack/Reload_Rifle_Hip.uasset" 479
"../../../Engine/Content/EngineSky/C_Sky_Cloud_Color.uasset" 480
"../../../Engine/Content/EngineSky/C_Sky_Horizon_Color.uasset" 481
"../../../Engine/Content/EngineSky/C_Sky_Zenith_Color.uasset" 482
"../../../Engine/Content/EngineSky/T_Sky_Blue.uasset" 483
"../../../Engine/Content/EngineSky/T_Sky_Clouds_M.uasset" 484
"../../../Engine/Content/EngineSky/T_Sky_Stars.uasset" 485
"../../../Engine/Content/EngineSky/M_Sky_Panning_Clouds2.uasset" 486
"../../../Engine/Content/EngineSky/SM_SkySphere.uasset" 487
"../../../Engine/Content/EngineSky/BP_Sky_Sphere.uasset" 488
"../../../Engine/Content/TemplateResources/M_Template_Master.uasset" 489
"../../../Engine/Content/TemplateResources/MI_Template_BaseGray_03_Metal.uasset" 490
"D:/GeekBrains/18112020/Valerii_18112020/Content/AnimStarterPack/UE4_Mannequin/Mesh/SK_Mannequin.uasset" 491
"D:/GeekBrains/18112020/Valerii_18112020/Content/AnimStarterPack/Showcase.umap" 492
"D:/GeekBrains/18112020/Valerii_18112020/Content/ContentExample/Assets/Textures/T_Smoke_D.uasset" 493
"D:/GeekBrains/18112020/Valerii_18112020/Content/ContentExample/Assets/Materials/M_Godray.uasset" 494
"D:/GeekBrains/18112020/Valerii_18112020/Content/ContentExample/Assets/Materials/M_Godray_Inst.uasset" 495
"D:/GeekBrains/18112020/Valerii_18112020/Content/ContentExample/Assets/Meshes/SM_GodRay.uasset" 496
"D:/GeekBrains/18112020/Valerii_18112020/Content/ContentExample/Assets/Blueprints/BP_Godray.uasset" 497
"../../../Engine/Content/EngineFonts/RobotoDistanceField.uasset" 498
"../../../Engine/Content/EngineMaterials/DefaultTextMaterialOpaque.uasset" 499
"D:/GeekBrains/18112020/Valerii_18112020/Content/ContentExample/DemoRoom/Materials/DefaultTextMaterialTranslucentUnlit.uasset" 500
"D:/GeekBrains/18112020/Valerii_18112020/Content/ContentExample/DemoRoom/Materials/M_DemoWall.uasset" 501
"D:/GeekBrains/18112020/Valerii_18112020/Content/ContentExample/ExampleContent/Audio/Physical_Materials/Rubber.uasset" 502
"D:/GeekBrains/18112020/Valerii_18112020/Content/ContentExample/DemoRoom/Materials/M_DemoWall_Inst.uasset" 503
"D:/GeekBrains/18112020/Valerii_18112020/Content/ContentExample/ExampleContent/Audio/Physical_Materials/Metal.uasset" 504
"D:/GeekBrains/18112020/Valerii_18112020/Content/ContentExample/DemoRoom/Materials/M_DemoWall_Inst_3.uasset" 505
"D:/GeekBrains/18112020/Valerii_18112020/Content/ContentExample/DemoRoom/Materials/M_DemoWall_Inst_NamePlate.uasset" 506
"D:/GeekBrains/18112020/Valerii_18112020/Content/ContentExample/DemoRoom/Materials/M_DemoWall_Inst_BaseFloor_Inst.uasset" 507
"D:/GeekBrains/18112020/Valerii_18112020/Content/ContentExample/DemoRoom/BluePrint/BP_DemoDisplay_Enum.uasset" 508
"D:/GeekBrains/18112020/Valerii_18112020/Content/ContentExample/DemoRoom/Materials/M_DemoWall_Inst2.uasset" 509
"D:/GeekBrains/18112020/Valerii_18112020/Content/ContentExample/DemoRoom/Meshes/SM_Base.uasset" 510
"D:/GeekBrains/18112020/Valerii_18112020/Content/ContentExample/DemoRoom/Meshes/SM_Base2.uasset" 511
"D:/GeekBrains/18112020/Valerii_18112020/Content/ContentExample/DemoRoom/Meshes/SM_Base_FlatWall.uasset" 512
"D:/GeekBrains/18112020/Valerii_18112020/Content/ContentExample/DemoRoom/Meshes/SM_BaseRoom.uasset" 513
"D:/GeekBrains/18112020/Valerii_18112020/Content/ContentExample/DemoRoom/Meshes/SM_NamePlate.uasset" 514
"D:/GeekBrains/18112020/Valerii_18112020/Content/ContentExample/DemoRoom/BluePrint/BP_DemoDisplay.uasset" 515
"D:/GeekBrains/18112020/Valerii_18112020/Content/ContentExample/DemoRoom/BluePrint/BPInterface_Button.uasset" 516
"D:/GeekBrains/18112020/Valerii_18112020/Content/ContentExample/ExampleContent/Audio/Blueprints/BPI_Interface.uasset" 517
"D:/GeekBrains/18112020/Valerii_18112020/Content/ContentExample/DemoRoom/Materials/M_Button.uasset" 518
"D:/GeekBrains/18112020/Valerii_18112020/Content/ContentExample/DemoRoom/Materials/M_Button_Inst.uasset" 519
"D:/GeekBrains/18112020/Valerii_18112020/Content/ContentExample/DemoRoom/Materials/M_Button_Chrome.uasset" 520
"D:/GeekBrains/18112020/Valerii_18112020/Content/ContentExample/DemoRoom/Meshes/SM_Button.uasset" 521
"D:/GeekBrains/18112020/Valerii_18112020/Content/ContentExample/DemoRoom/BluePrint/BP_DemoTrigger.uasset" 522
"D:/GeekBrains/18112020/Valerii_18112020/Content/ContentExample/Maps/Leveldesign_Workflow_BuiltData.uasset" 523
"D:/GeekBrains/18112020/Valerii_18112020/Content/ContentExample/Assets/Textures/Sky54a2048.uasset" 524
"D:/GeekBrains/18112020/Valerii_18112020/Content/ContentExample/Assets/Textures/T_Sky54a2048LDR.uasset" 525
"D:/GeekBrains/18112020/Valerii_18112020/Content/ContentExample/Assets/Textures/M_Sky.uasset" 526
"D:/GeekBrains/18112020/Valerii_18112020/Content/ContentExample/Assets/Textures/T_Arch_M.uasset" 527
"D:/GeekBrains/18112020/Valerii_18112020/Content/ContentExample/Assets/Textures/T_Arch_N.uasset" 528
"D:/GeekBrains/18112020/Valerii_18112020/Content/ContentExample/Assets/Materials/M_Arch.uasset" 529
"D:/GeekBrains/18112020/Valerii_18112020/Content/ContentExample/Assets/Materials/M_Arch_Inst.uasset" 530
"D:/GeekBrains/18112020/Valerii_18112020/Content/ContentExample/Assets/Materials/M_Arch_Inst_2.uasset" 531
"D:/GeekBrains/18112020/Valerii_18112020/Content/ContentExample/Assets/Materials/M_Arch_Inst_Red.uasset" 532
"D:/GeekBrains/18112020/Valerii_18112020/Content/ContentExample/Assets/Materials/M_Arch_Inst_Red_2.uasset" 533
"D:/GeekBrains/18112020/Valerii_18112020/Content/ContentExample/Assets/Textures/T_Trim_M.uasset" 534
"D:/GeekBrains/18112020/Valerii_18112020/Content/ContentExample/Assets/Textures/T_Trim_N.uasset" 535
"D:/GeekBrains/18112020/Valerii_18112020/Content/ContentExample/Assets/Materials/M_Trim.uasset" 536
"D:/GeekBrains/18112020/Valerii_18112020/Content/ContentExample/Assets/Materials/M_Trim_Inst.uasset" 537
"D:/GeekBrains/18112020/Valerii_18112020/Content/ContentExample/Assets/Materials/M_BottomTrim_Inst.uasset" 538
"D:/GeekBrains/18112020/Valerii_18112020/Content/ContentExample/Assets/Textures/T_FirePit_M.uasset" 539
"D:/GeekBrains/18112020/Valerii_18112020/Content/ContentExample/Assets/Textures/T_FirePit_N.uasset" 540
"D:/GeekBrains/18112020/Valerii_18112020/Content/ContentExample/Assets/Materials/M_FirePit.uasset" 541
"D:/GeekBrains/18112020/Valerii_18112020/Content/ContentExample/Assets/Materials/M_FirePit_Inst.uasset" 542
"D:/GeekBrains/18112020/Valerii_18112020/Content/ContentExample/Assets/Materials/M_FirePit_Inst_Glow.uasset" 543
"D:/GeekBrains/18112020/Valerii_18112020/Content/ContentExample/Assets/Materials/M_FirePit_Inst_nofire.uasset" 544
"D:/GeekBrains/18112020/Valerii_18112020/Content/ContentExample/Assets/Materials/M_FloorTiles1_Inst_Blue.uasset" 545
"D:/GeekBrains/18112020/Valerii_18112020/Content/ContentExample/Assets/Materials/M_FloorTiles2_Inst_Inst.uasset" 546
"D:/GeekBrains/18112020/Valerii_18112020/Content/ContentExample/Assets/Materials/M_FloorTiles2_Inst_REd.uasset" 547
"D:/GeekBrains/18112020/Valerii_18112020/Content/ContentExample/Assets/Textures/T_Fire_D.uasset" 548
"D:/GeekBrains/18112020/Valerii_18112020/Content/ContentExample/Assets/Textures/T_Marble_D.uasset" 549
"D:/GeekBrains/18112020/Valerii_18112020/Content/ContentExample/Assets/Materials/M_Heatshimer.uasset" 550
"D:/GeekBrains/18112020/Valerii_18112020/Content/ContentExample/Assets/Materials/M_Heatshimer_Inst.uasset" 551
"../../../Engine/Content/Functions/Engine_MaterialFunctions01/Gradient/LinearGradient.uasset" 552
"../../../Engine/Content/Functions/Engine_MaterialFunctions01/ImageAdjustment/CheapContrast.uasset" 553
"../../../Engine/Content/Functions/Engine_MaterialFunctions01/Texturing/WorldAlignedTexture.uasset" 554
"../../../Engine/Content/EngineMaterials/DefaultWhiteGrid.uasset" 555
"../../../Engine/Content/EngineMaterials/Grid_N.uasset" 556
"D:/GeekBrains/18112020/Valerii_18112020/Content/ContentExample/Assets/Materials/M_LayoutMat.uasset" 557
"D:/GeekBrains/18112020/Valerii_18112020/Content/ContentExample/Assets/Materials/M_LayoutMat_Inst.uasset" 558
"D:/GeekBrains/18112020/Valerii_18112020/Content/ContentExample/Assets/Materials/M_LayoutMat_Inst2.uasset" 559
"D:/GeekBrains/18112020/Valerii_18112020/Content/ContentExample/Assets/Materials/M_LayoutMat_Inst3.uasset" 560
"D:/GeekBrains/18112020/Valerii_18112020/Content/ContentExample/Assets/Textures/T_Water2_N.uasset" 561
"D:/GeekBrains/18112020/Valerii_18112020/Content/ContentExample/Assets/Materials/M_Ocean.uasset" 562
"D:/GeekBrains/18112020/Valerii_18112020/Content/ContentExample/Assets/Materials/M_Ocean_Inst.uasset" 563
"D:/GeekBrains/18112020/Valerii_18112020/Content/ContentExample/Assets/Textures/T_Pillar_N.uasset" 564
"D:/GeekBrains/18112020/Valerii_18112020/Content/ContentExample/Assets/Textures/T_Pillar_M.uasset" 565
"D:/GeekBrains/18112020/Valerii_18112020/Content/ContentExample/Assets/Textures/T_StoneBrickWall_AO.uasset" 566
"D:/GeekBrains/18112020/Valerii_18112020/Content/ContentExample/Assets/Materials/M_Pillar.uasset" 567
"D:/GeekBrains/18112020/Valerii_18112020/Content/ContentExample/Assets/Materials/M_Pillar_Inst.uasset" 568
"D:/GeekBrains/18112020/Valerii_18112020/Content/ContentExample/Assets/Materials/M_Pillar_Inst_Colored.uasset" 569
"D:/GeekBrains/18112020/Valerii_18112020/Content/ContentExample/Assets/Textures/T_Shield_M.uasset" 570
"D:/GeekBrains/18112020/Valerii_18112020/Content/ContentExample/Assets/Textures/T_Shield_N.uasset" 571
"D:/GeekBrains/18112020/Valerii_18112020/Content/ContentExample/Assets/Materials/M_Shield.uasset" 572
"D:/GeekBrains/18112020/Valerii_18112020/Content/ContentExample/Assets/Materials/M_Shield_Inst.uasset" 573
"D:/GeekBrains/18112020/Valerii_18112020/Content/ContentExample/Assets/Materials/M_StoneCeiling.uasset" 574
"D:/GeekBrains/18112020/Valerii_18112020/Content/ContentExample/Assets/Materials/M_StoneCeiling_Inst.uasset" 575
"../../../Engine/Content/Functions/Engine_MaterialFunctions02/Fresnel_Function.uasset" 576
"D:/GeekBrains/18112020/Valerii_18112020/Content/ContentExample/Assets/Materials/M_VolumetricLightSphere.uasset" 577
"D:/GeekBrains/18112020/Valerii_18112020/Content/ContentExample/Assets/Materials/M_VolumetricLightSphere_Inst.uasset" 578
"D:/GeekBrains/18112020/Valerii_18112020/Content/ContentExample/Assets/Materials/M_VolumetricLightSphere_Inst_Hot.uasset" 579
"../../../Engine/Content/EngineLightProfiles/Complex_IES.uasset" 580
"../../../Engine/Content/EngineMeshes/Sphere.uasset" 581
"../../../Engine/Content/EngineSounds/ReverbSettings/LargeHall.uasset" 582
"../../../Engine/Content/MapTemplates/Bokeh_5Sides.uasset" 583
"../../../Engine/Content/MapTemplates/Sky/T_Sky_Stars.uasset" 584
"../../../Engine/Content/MapTemplates/Sky/T_UDK_Sky_CloudMask01_N.uasset" 585
"../../../Engine/Content/MapTemplates/T_UDK_Sky_CloudMask03.uasset" 586
"../../../Engine/Content/MapTemplates/Sky/M_Procedural_Sky_MASTER02.uasset" 587
"../../../Engine/Content/MapTemplates/Sky/SM_SkySphere.uasset" 588
"../../../Engine/Content/MapTemplates/T_ScreenDirt02_w.uasset" 589
"D:/GeekBrains/18112020/Valerii_18112020/Content/ContentExample/ExampleContent/Audio/Audio/Sound_Actor_Usage/Ambient_Cave_Wind05.uasset" 590
"D:/GeekBrains/18112020/Valerii_18112020/Content/ContentExample/Assets/Audio/Ambient_Cave_Wind05_Cue.uasset" 591
"D:/GeekBrains/18112020/Valerii_18112020/Content/ContentExample/ExampleContent/Audio/Audio/Sound_Actor_Usage/Ambient_Fire01.uasset" 592
"D:/GeekBrains/18112020/Valerii_18112020/Content/ContentExample/Assets/Audio/Ambient_Fire01_Cue.uasset" 593
"D:/GeekBrains/18112020/Valerii_18112020/Content/ContentExample/ExampleContent/Effects/Textures/T_SmokeSubUV_8X8.uasset" 594
"D:/GeekBrains/18112020/Valerii_18112020/Content/ContentExample/ExampleContent/Effects/Textures/T_soft_smoke.uasset" 595
"D:/GeekBrains/18112020/Valerii_18112020/Content/ContentExample/ExampleContent/Effects/Materials/M_smoke_subUV_blackbody.uasset" 596
"D:/GeekBrains/18112020/Valerii_18112020/Content/ContentExample/Assets/Effects/P_black_body.uasset" 597
"D:/GeekBrains/18112020/Valerii_18112020/Content/ContentExample/ExampleContent/Effects/Textures/t_sub_dustParticle.uasset" 598
"D:/GeekBrains/18112020/Valerii_18112020/Content/ContentExample/Assets/Materials/M_Dust_Particle.uasset" 599
"D:/GeekBrains/18112020/Valerii_18112020/Content/ContentExample/Assets/Effects/P_DustParticles.uasset" 600
"D:/GeekBrains/18112020/Valerii_18112020/Content/ContentExample/ExampleContent/Effects/Textures/T_Smoke_Tiled_D.uasset" 601
"D:/GeekBrains/18112020/Valerii_18112020/Content/ContentExample/ExampleContent/Effects/Materials/M_snow_blowing.uasset" 602
"D:/GeekBrains/18112020/Valerii_18112020/Content/ContentExample/Assets/Effects/P_wind.uasset" 603
"D:/GeekBrains/18112020/Valerii_18112020/Content/ContentExample/Assets/Meshes/SM_Arch.uasset" 604
"D:/GeekBrains/18112020/Valerii_18112020/Content/ContentExample/Assets/Meshes/SM_Arch_2.uasset" 605
"D:/GeekBrains/18112020/Valerii_18112020/Content/ContentExample/Assets/Meshes/SM_Arch_2_Bend.uasset" 606
"D:/GeekBrains/18112020/Valerii_18112020/Content/ContentExample/Assets/Meshes/SM_BottomTrim.uasset" 607
"D:/GeekBrains/18112020/Valerii_18112020/Content/ContentExample/Assets/Meshes/SM_BottomTrim_Sqr.uasset" 608
"D:/GeekBrains/18112020/Valerii_18112020/Content/ContentExample/Assets/Textures/T_StoneBrickWall_M.uasset" 609
"D:/GeekBrains/18112020/Valerii_18112020/Content/ContentExample/Assets/Textures/T_StoneBrickWall_N.uasset" 610
"D:/GeekBrains/18112020/Valerii_18112020/Content/ContentExample/Assets/Materials/M_StoneBrickWall.uasset" 611
"D:/GeekBrains/18112020/Valerii_18112020/Content/ContentExample/Assets/Materials/M_StoneBrickWall_Inst.uasset" 612
"D:/GeekBrains/18112020/Valerii_18112020/Content/ContentExample/Assets/Meshes/SM_BrickWall.uasset" 613
"D:/GeekBrains/18112020/Valerii_18112020/Content/ContentExample/Assets/Materials/M_Dome.uasset" 614
"D:/GeekBrains/18112020/Valerii_18112020/Content/ContentExample/Assets/Textures/T_Dome_M.uasset" 615
"D:/GeekBrains/18112020/Valerii_18112020/Content/ContentExample/Assets/Textures/T_Dome_N.uasset" 616
"D:/GeekBrains/18112020/Valerii_18112020/Content/ContentExample/Assets/Materials/M_Dome_Inst.uasset" 617
"D:/GeekBrains/18112020/Valerii_18112020/Content/ContentExample/Assets/Meshes/SM_Dome.uasset" 618
"D:/GeekBrains/18112020/Valerii_18112020/Content/ContentExample/Assets/Materials/M_Fire.uasset" 619
"D:/GeekBrains/18112020/Valerii_18112020/Content/ContentExample/Assets/Materials/M_Fire_Inst.uasset" 620
"D:/GeekBrains/18112020/Valerii_18112020/Content/ContentExample/Assets/Meshes/SM_FireFX.uasset" 621
"D:/GeekBrains/18112020/Valerii_18112020/Content/ContentExample/Assets/Meshes/SM_FirePit.uasset" 622
"D:/GeekBrains/18112020/Valerii_18112020/Content/ContentExample/Assets/Materials/M_FloorTiles1_Inst_Inst.uasset" 623
"D:/GeekBrains/18112020/Valerii_18112020/Content/ContentExample/Assets/Meshes/SM_Floor_Lower.uasset" 624
"D:/GeekBrains/18112020/Valerii_18112020/Content/ContentExample/Assets/Meshes/SM_Floor_Lower2.uasset" 625
"D:/GeekBrains/18112020/Valerii_18112020/Content/ContentExample/Assets/Materials/M_FloorTiles2_Inst_Inst_Inst.uasset" 626
"D:/GeekBrains/18112020/Valerii_18112020/Content/ContentExample/Assets/Meshes/SM_Floor_Round.uasset" 627
"D:/GeekBrains/18112020/Valerii_18112020/Content/ContentExample/Assets/Meshes/SM_Floor_StairTop.uasset" 628
"D:/GeekBrains/18112020/Valerii_18112020/Content/ContentExample/Assets/Meshes/SM_Floor_StairTop2.uasset" 629
"D:/GeekBrains/18112020/Valerii_18112020/Content/ContentExample/Assets/Meshes/SM_FloorPlane.uasset" 630
"D:/GeekBrains/18112020/Valerii_18112020/Content/ContentExample/Assets/Materials/M_Dome_1.uasset" 631
"D:/GeekBrains/18112020/Valerii_18112020/Content/ContentExample/Assets/Materials/M_Dome_2.uasset" 632
"D:/GeekBrains/18112020/Valerii_18112020/Content/ContentExample/Assets/Meshes/SM_Gable.uasset" 633
"D:/GeekBrains/18112020/Valerii_18112020/Content/ContentExample/Assets/Meshes/SM_Ocean.uasset" 634
"D:/GeekBrains/18112020/Valerii_18112020/Content/ContentExample/Assets/Meshes/SM_PanelArch.uasset" 635
"D:/GeekBrains/18112020/Valerii_18112020/Content/ContentExample/Assets/Meshes/SM_PanelArch4.uasset" 636
"D:/GeekBrains/18112020/Valerii_18112020/Content/ContentExample/Assets/Meshes/SM_Pillar.uasset" 637
"D:/GeekBrains/18112020/Valerii_18112020/Content/ContentExample/Assets/Textures/T_Railing_M.uasset" 638
"D:/GeekBrains/18112020/Valerii_18112020/Content/ContentExample/Assets/Textures/T_Railing_N.uasset" 639
"D:/GeekBrains/18112020/Valerii_18112020/Content/ContentExample/Assets/Materials/M_Railing.uasset" 640
"D:/GeekBrains/18112020/Valerii_18112020/Content/ContentExample/Assets/Materials/M_Railing_Inst.uasset" 641
"D:/GeekBrains/18112020/Valerii_18112020/Content/ContentExample/Assets/Meshes/SM_Railing.uasset" 642
"D:/GeekBrains/18112020/Valerii_18112020/Content/ContentExample/Assets/Meshes/SM_RailingPillar.uasset" 643
"D:/GeekBrains/18112020/Valerii_18112020/Content/ContentExample/Assets/Meshes/SM_RailingStairs.uasset" 644
"D:/GeekBrains/18112020/Valerii_18112020/Content/ContentExample/Assets/Meshes/SM_Shield.uasset" 645
"D:/GeekBrains/18112020/Valerii_18112020/Content/ContentExample/Assets/Textures/T_Stairs_M.uasset" 646
"D:/GeekBrains/18112020/Valerii_18112020/Content/ContentExample/Assets/Textures/T_Stairs_N.uasset" 647
"D:/GeekBrains/18112020/Valerii_18112020/Content/ContentExample/Assets/Materials/M_Stairs.uasset" 648
"D:/GeekBrains/18112020/Valerii_18112020/Content/ContentExample/Assets/Materials/M_Stairs_Inst.uasset" 649
"D:/GeekBrains/18112020/Valerii_18112020/Content/ContentExample/Assets/Meshes/SM_Stairs.uasset" 650
"D:/GeekBrains/18112020/Valerii_18112020/Content/ContentExample/Assets/Textures/T_Crackle.uasset" 651
"D:/GeekBrains/18112020/Valerii_18112020/Content/ContentExample/Assets/Textures/T_Crackle_N.uasset" 652
"D:/GeekBrains/18112020/Valerii_18112020/Content/ContentExample/Assets/Textures/T_Statue_M.uasset" 653
"D:/GeekBrains/18112020/Valerii_18112020/Content/ContentExample/Assets/Textures/T_Statue_N.uasset" 654
"D:/GeekBrains/18112020/Valerii_18112020/Content/ContentExample/Assets/Materials/M_Statue.uasset" 655
"D:/GeekBrains/18112020/Valerii_18112020/Content/ContentExample/Assets/Materials/M_Statue_Inst.uasset" 656
"D:/GeekBrains/18112020/Valerii_18112020/Content/ContentExample/Assets/Meshes/SM_Statue.uasset" 657
"D:/GeekBrains/18112020/Valerii_18112020/Content/ContentExample/Assets/Meshes/SM_Trim_1500.uasset" 658
"D:/GeekBrains/18112020/Valerii_18112020/Content/ContentExample/Assets/Materials/M_Trim_Inst_Inst.uasset" 659
"D:/GeekBrains/18112020/Valerii_18112020/Content/ContentExample/Assets/Meshes/SM_Trim_1500_M.uasset" 660
"D:/GeekBrains/18112020/Valerii_18112020/Content/ContentExample/Assets/Meshes/SM_Trim_Bend.uasset" 661
"D:/GeekBrains/18112020/Valerii_18112020/Content/ContentExample/Assets/Meshes/SM_Trim_Platform2.uasset" 662
"D:/GeekBrains/18112020/Valerii_18112020/Content/ContentExample/Assets/Meshes/SM_TrimWall.uasset" 663
"D:/GeekBrains/18112020/Valerii_18112020/Content/ContentExample/Assets/Meshes/SM_TrimWall_Door.uasset" 664
"D:/GeekBrains/18112020/Valerii_18112020/Content/ContentExample/Assets/Meshes/SM_TrimWall_Door3.uasset" 665
"D:/GeekBrains/18112020/Valerii_18112020/Content/ContentExample/Assets/Meshes/SM_TrimWall_Pillar.uasset" 666
"D:/GeekBrains/18112020/Valerii_18112020/Content/ContentExample/Assets/Meshes/SM_TrimWall_U.uasset" 667
"D:/GeekBrains/18112020/Valerii_18112020/Content/ContentExample/Assets/Meshes/SM_Window.uasset" 668
"D:/GeekBrains/18112020/Valerii_18112020/Content/ContentExample/Assets/Meshes/SM_WindowWall.uasset" 669
"D:/GeekBrains/18112020/Valerii_18112020/Content/ContentExample/Assets/Meshes/SM_WindowWall_Bend.uasset" 670
"D:/GeekBrains/18112020/Valerii_18112020/Content/ContentExample/ExampleContent/MaterialInstances/Materials/M_Arrows.uasset" 671
"D:/GeekBrains/18112020/Valerii_18112020/Content/ContentExample/ExampleContent/Matinee/Meshes/SM_Play.uasset" 672
"D:/GeekBrains/18112020/Valerii_18112020/Content/ContentExample/Maps/Leveldesign_Workflow.umap" 673
"../../../Engine/Content/Functions/Engine_MaterialFunctions03/Procedurals/ComputeFilterWidth.uasset" 674
"../../../Engine/Content/EngineMaterials/AntiAliasedTextMaterialTranslucent.uasset" 675
"D:/GeekBrains/18112020/Valerii_18112020/Content/Download/FirstPerson/Meshes/CubeMaterialOverride.uasset" 676
"D:/GeekBrains/18112020/Valerii_18112020/Content/Download/Geometry/Meshes/CubeMaterial.uasset" 677
"D:/GeekBrains/18112020/Valerii_18112020/Content/Download/Geometry/Meshes/1M_Cube.uasset" 678
"D:/GeekBrains/18112020/Valerii_18112020/Content/Download/FirstPersonBP/Maps/FirstPersonExampleMap.umap" 679
"D:/GeekBrains/18112020/Valerii_18112020/Content/Download/StarterContent/Blueprints/Assets/FogBrightnessLUT.uasset" 680
"D:/GeekBrains/18112020/Valerii_18112020/Content/Download/StarterContent/Blueprints/Assets/SunlightColorLUT.uasset" 681
"D:/GeekBrains/18112020/Valerii_18112020/Content/Download/StarterContent/Blueprints/Assets/M_LightStage_Arrows.uasset" 682
"../../../Engine/Content/MapTemplates/Sky/DaylightAmbientCubemap.uasset" 683
"D:/GeekBrains/18112020/Valerii_18112020/Content/Download/StarterContent/Blueprints/Assets/M_LightStage_Skybox_Master.uasset" 684
"D:/GeekBrains/18112020/Valerii_18112020/Content/Download/StarterContent/Blueprints/Assets/M_LightStage_Skybox_Black.uasset" 685
"D:/GeekBrains/18112020/Valerii_18112020/Content/Download/StarterContent/Blueprints/Assets/M_LightStage_Skybox_HDRI.uasset" 686
"../../../Engine/Content/EditorMaterials/Thumbnails/SkySphereMaterial.uasset" 687
"D:/GeekBrains/18112020/Valerii_18112020/Content/Download/StarterContent/Blueprints/Assets/Skybox.uasset" 688
"D:/GeekBrains/18112020/Valerii_18112020/Content/Download/StarterContent/Blueprints/Assets/SM_Arrows.uasset" 689
"D:/GeekBrains/18112020/Valerii_18112020/Content/Download/StarterContent/HDRI/HDRI_Epic_Courtyard_Daylight.uasset" 690
"D:/GeekBrains/18112020/Valerii_18112020/Content/Download/StarterContent/Blueprints/BP_LightStudio.uasset" 691
"D:/GeekBrains/18112020/Valerii_18112020/Content/Download/StarterContent/Maps/Advanced_Lighting_BuiltData.uasset" 692
"../../../Engine/Content/EditorMeshes/ColorCalibrator/M_ChromeBall.uasset" 693
"../../../Engine/Content/EditorMeshes/ColorCalibrator/M_ClearCoat.uasset" 694
"../../../Engine/Content/EditorMeshes/ColorCalibrator/M_ClearCoatBlack.uasset" 695
"../../../Engine/Content/EditorMeshes/ColorCalibrator/Color_checker.uasset" 696
"../../../Engine/Content/EditorMeshes/ColorCalibrator/M_ColorGrid.uasset" 697
"../../../Engine/Content/EditorMeshes/ColorCalibrator/M_GreyBall.uasset" 698
"../../../Engine/Content/EditorMeshes/ColorCalibrator/SM_ColorCalibrator.uasset" 699
"D:/GeekBrains/18112020/Valerii_18112020/Content/Download/StarterContent/Maps/Advanced_Lighting.umap" 700
"D:/GeekBrains/18112020/Valerii_18112020/Content/Download/StarterContent/Maps/Minimal_Default_BuiltData.uasset" 701
"D:/GeekBrains/18112020/Valerii_18112020/Content/Download/StarterContent/Materials/M_Metal_Brushed_Nickel.uasset" 702
"D:/GeekBrains/18112020/Valerii_18112020/Content/Download/StarterContent/Textures/T_Metal_Copper_D.uasset" 703
"D:/GeekBrains/18112020/Valerii_18112020/Content/Download/StarterContent/Materials/M_Metal_Copper.uasset" 704
"D:/GeekBrains/18112020/Valerii_18112020/Content/Download/StarterContent/Textures/T_Statue_M.uasset" 705
"D:/GeekBrains/18112020/Valerii_18112020/Content/Download/StarterContent/Textures/T_Statue_N.uasset" 706
"D:/GeekBrains/18112020/Valerii_18112020/Content/Download/StarterContent/Props/Materials/M_StatueGlass.uasset" 707
"D:/GeekBrains/18112020/Valerii_18112020/Content/Download/StarterContent/Architecture/Floor_400x400.uasset" 708
"D:/GeekBrains/18112020/Valerii_18112020/Content/Download/StarterContent/Audio/Starter_Birds01.uasset" 709
"D:/GeekBrains/18112020/Valerii_18112020/Content/Download/StarterContent/Audio/Starter_Wind05.uasset" 710
"D:/GeekBrains/18112020/Valerii_18112020/Content/Download/StarterContent/Audio/Starter_Wind06.uasset" 711
"D:/GeekBrains/18112020/Valerii_18112020/Content/Download/StarterContent/Audio/Starter_Background_Cue.uasset" 712
"D:/GeekBrains/18112020/Valerii_18112020/Content/Download/StarterContent/Props/Materials/M_Statue.uasset" 713
"D:/GeekBrains/18112020/Valerii_18112020/Content/Download/StarterContent/Props/SM_Statue.uasset" 714
"D:/GeekBrains/18112020/Valerii_18112020/Content/Download/StarterContent/Textures/T_TableRound_M.uasset" 715
"D:/GeekBrains/18112020/Valerii_18112020/Content/Download/StarterContent/Textures/T_TableRound_N.uasset" 716
"D:/GeekBrains/18112020/Valerii_18112020/Content/Download/StarterContent/Props/Materials/M_TableRound.uasset" 717
"D:/GeekBrains/18112020/Valerii_18112020/Content/Download/StarterContent/Props/SM_TableRound.uasset" 718
"D:/GeekBrains/18112020/Valerii_18112020/Content/Download/StarterContent/Maps/Minimal_Default.umap" 719
"D:/GeekBrains/18112020/Valerii_18112020/Content/Download/StarterContent/Audio/Fire01.uasset" 720
"D:/GeekBrains/18112020/Valerii_18112020/Content/Download/StarterContent/Audio/Fire01_Cue.uasset" 721
"D:/GeekBrains/18112020/Valerii_18112020/Content/Download/StarterContent/Blueprints/Blueprint_Effect_Fire.uasset" 722
"D:/GeekBrains/18112020/Valerii_18112020/Content/Download/StarterContent/Audio/Smoke01.uasset" 723
"D:/GeekBrains/18112020/Valerii_18112020/Content/Download/StarterContent/Audio/Smoke01_Cue.uasset" 724
"D:/GeekBrains/18112020/Valerii_18112020/Content/Download/StarterContent/Particles/P_Smoke.uasset" 725
"D:/GeekBrains/18112020/Valerii_18112020/Content/Download/StarterContent/Blueprints/Blueprint_Effect_Smoke.uasset" 726
"D:/GeekBrains/18112020/Valerii_18112020/Content/Download/StarterContent/Blueprints/Blueprint_Effect_Sparks.uasset" 727
"D:/GeekBrains/18112020/Valerii_18112020/Content/Download/StarterContent/Audio/Steam01.uasset" 728
"D:/GeekBrains/18112020/Valerii_18112020/Content/Download/StarterContent/Audio/Steam01_Cue.uasset" 729
"D:/GeekBrains/18112020/Valerii_18112020/Content/Download/StarterContent/Particles/P_Steam_Lit.uasset" 730
"D:/GeekBrains/18112020/Valerii_18112020/Content/Download/StarterContent/Blueprints/Blueprint_Effect_Steam.uasset" 731
"D:/GeekBrains/18112020/Valerii_18112020/Content/Download/StarterContent/Blueprints/Blueprint_CeilingLight.uasset" 732
"D:/GeekBrains/18112020/Valerii_18112020/Content/Download/StarterContent/Props/SM_Lamp_Wall.uasset" 733
"D:/GeekBrains/18112020/Valerii_18112020/Content/Download/StarterContent/Blueprints/Blueprint_WallSconce.uasset" 734
"D:/GeekBrains/18112020/Valerii_18112020/Content/Download/StarterContent/Maps/StarterMap_BuiltData.uasset" 735
"D:/GeekBrains/18112020/Valerii_18112020/Content/Download/StarterContent/Textures/T_Brick_Clay_Beveled_D.uasset" 736
"D:/GeekBrains/18112020/Valerii_18112020/Content/Download/StarterContent/Textures/T_Brick_Clay_Beveled_M.uasset" 737
"D:/GeekBrains/18112020/Valerii_18112020/Content/Download/StarterContent/Textures/T_Brick_Clay_Beveled_N.uasset" 738
"D:/GeekBrains/18112020/Valerii_18112020/Content/Download/StarterContent/Materials/M_Brick_Clay_Beveled.uasset" 739
"D:/GeekBrains/18112020/Valerii_18112020/Content/Download/StarterContent/Textures/T_Brick_Clay_New_D.uasset" 740
"D:/GeekBrains/18112020/Valerii_18112020/Content/Download/StarterContent/Textures/T_Brick_Clay_New_M.uasset" 741
"D:/GeekBrains/18112020/Valerii_18112020/Content/Download/StarterContent/Textures/T_Brick_Clay_New_N.uasset" 742
"D:/GeekBrains/18112020/Valerii_18112020/Content/Download/StarterContent/Textures/T_Detail_Rocky_N.uasset" 743
"D:/GeekBrains/18112020/Valerii_18112020/Content/Download/StarterContent/Materials/M_Brick_Clay_New.uasset" 744
"D:/GeekBrains/18112020/Valerii_18112020/Content/Download/StarterContent/Textures/T_Brick_Clay_Old_D.uasset" 745
"D:/GeekBrains/18112020/Valerii_18112020/Content/Download/StarterContent/Textures/T_Brick_Clay_Old_N.uasset" 746
"D:/GeekBrains/18112020/Valerii_18112020/Content/Download/StarterContent/Materials/M_Brick_Clay_Old.uasset" 747
"D:/GeekBrains/18112020/Valerii_18112020/Content/Download/StarterContent/Textures/T_Brick_Cut_Stone_D.uasset" 748
"D:/GeekBrains/18112020/Valerii_18112020/Content/Download/StarterContent/Textures/T_Brick_Cut_Stone_N.uasset" 749
"D:/GeekBrains/18112020/Valerii_18112020/Content/Download/StarterContent/Materials/M_Brick_Cut_Stone.uasset" 750
"D:/GeekBrains/18112020/Valerii_18112020/Content/Download/StarterContent/Textures/T_Brick_Hewn_Stone_D.uasset" 751
"D:/GeekBrains/18112020/Valerii_18112020/Content/Download/StarterContent/Textures/T_Brick_Hewn_Stone_M.uasset" 752
"D:/GeekBrains/18112020/Valerii_18112020/Content/Download/StarterContent/Textures/T_Brick_Hewn_Stone_N.uasset" 753
"D:/GeekBrains/18112020/Valerii_18112020/Content/Download/StarterContent/Materials/M_Brick_Hewn_Stone.uasset" 754
"D:/GeekBrains/18112020/Valerii_18112020/Content/Download/StarterContent/Textures/T_Ceramic_Tile_M.uasset" 755
"D:/GeekBrains/18112020/Valerii_18112020/Content/Download/StarterContent/Textures/T_Ceramic_Tile_N.uasset" 756
"D:/GeekBrains/18112020/Valerii_18112020/Content/Download/StarterContent/Textures/T_Rock_Marble_Polished_D.uasset" 757
"D:/GeekBrains/18112020/Valerii_18112020/Content/Download/StarterContent/Materials/M_Ceramic_Tile_Checker.uasset" 758
"D:/GeekBrains/18112020/Valerii_18112020/Content/Download/StarterContent/Textures/T_CobbleStone_Rough_D.uasset" 759
"D:/GeekBrains/18112020/Valerii_18112020/Content/Download/StarterContent/Textures/T_CobbleStone_Rough_N.uasset" 760
"D:/GeekBrains/18112020/Valerii_18112020/Content/Download/StarterContent/Textures/T_Gradinet_01.uasset" 761
"D:/GeekBrains/18112020/Valerii_18112020/Content/Download/StarterContent/Textures/T_Rock_Smooth_Granite_D.uasset" 762
"D:/GeekBrains/18112020/Valerii_18112020/Content/Download/StarterContent/Materials/M_CobbleStone_Rough.uasset" 763
"D:/GeekBrains/18112020/Valerii_18112020/Content/Download/StarterContent/Textures/T_CobbleStone_Smooth_D.uasset" 764
"D:/GeekBrains/18112020/Valerii_18112020/Content/Download/StarterContent/Textures/T_CobbleStone_Smooth_M.uasset" 765
"D:/GeekBrains/18112020/Valerii_18112020/Content/Download/StarterContent/Textures/T_CobbleStone_Smooth_N.uasset" 766
"D:/GeekBrains/18112020/Valerii_18112020/Content/Download/StarterContent/Materials/M_CobbleStone_Smooth.uasset" 767
"D:/GeekBrains/18112020/Valerii_18112020/Content/Download/StarterContent/Textures/T_Concrete_Grime_D.uasset" 768
"D:/GeekBrains/18112020/Valerii_18112020/Content/Download/StarterContent/Textures/T_Metal_Rust_N.uasset" 769
"D:/GeekBrains/18112020/Valerii_18112020/Content/Download/StarterContent/Materials/M_Concrete_Grime.uasset" 770
"D:/GeekBrains/18112020/Valerii_18112020/Content/Download/StarterContent/Textures/T_Concrete_Panels_D.uasset" 771
"D:/GeekBrains/18112020/Valerii_18112020/Content/Download/StarterContent/Textures/T_Concrete_Panels_N.uasset" 772
"D:/GeekBrains/18112020/Valerii_18112020/Content/Download/StarterContent/Materials/M_Concrete_Panels.uasset" 773
"D:/GeekBrains/18112020/Valerii_18112020/Content/Download/StarterContent/Textures/T_Concrete_Poured_D.uasset" 774
"D:/GeekBrains/18112020/Valerii_18112020/Content/Download/StarterContent/Textures/T_Concrete_Poured_N.uasset" 775
"D:/GeekBrains/18112020/Valerii_18112020/Content/Download/StarterContent/Materials/M_Concrete_Poured.uasset" 776
"D:/GeekBrains/18112020/Valerii_18112020/Content/Download/StarterContent/Textures/T_Concrete_Tiles_D.uasset" 777
"D:/GeekBrains/18112020/Valerii_18112020/Content/Download/StarterContent/Textures/T_Concrete_Tiles_M.uasset" 778
"D:/GeekBrains/18112020/Valerii_18112020/Content/Download/StarterContent/Textures/T_Concrete_Tiles_N.uasset" 779
"D:/GeekBrains/18112020/Valerii_18112020/Content/Download/StarterContent/Textures/T_Concrete_Tiles_Variation_M.uasset" 780
"D:/GeekBrains/18112020/Valerii_18112020/Content/Download/StarterContent/Materials/M_Concrete_Tiles.uasset" 781
"D:/GeekBrains/18112020/Valerii_18112020/Content/Download/StarterContent/Textures/T_Ground_Grass_D.uasset" 782
"D:/GeekBrains/18112020/Valerii_18112020/Content/Download/StarterContent/Textures/T_Ground_Grass_N.uasset" 783
"D:/GeekBrains/18112020/Valerii_18112020/Content/Download/StarterContent/Materials/M_Ground_Grass.uasset" 784
"D:/GeekBrains/18112020/Valerii_18112020/Content/Download/StarterContent/Textures/T_Ground_Gravel_D.uasset" 785
"D:/GeekBrains/18112020/Valerii_18112020/Content/Download/StarterContent/Textures/T_Ground_Gravel_N.uasset" 786
"D:/GeekBrains/18112020/Valerii_18112020/Content/Download/StarterContent/Materials/M_Ground_Gravel.uasset" 787
"D:/GeekBrains/18112020/Valerii_18112020/Content/Download/StarterContent/Textures/T_ground_Moss_D.uasset" 788
"D:/GeekBrains/18112020/Valerii_18112020/Content/Download/StarterContent/Textures/T_Ground_Moss_N.uasset" 789
"D:/GeekBrains/18112020/Valerii_18112020/Content/Download/StarterContent/Materials/M_Ground_Moss.uasset" 790
"D:/GeekBrains/18112020/Valerii_18112020/Content/Download/StarterContent/Textures/T_Metal_Rust_D.uasset" 791
"D:/GeekBrains/18112020/Valerii_18112020/Content/Download/StarterContent/Materials/M_Metal_Rust.uasset" 792
"D:/GeekBrains/18112020/Valerii_18112020/Content/Download/StarterContent/Textures/T_Rock_Basalt_D.uasset" 793
"D:/GeekBrains/18112020/Valerii_18112020/Content/Download/StarterContent/Textures/T_Rock_Basalt_N.uasset" 794
"D:/GeekBrains/18112020/Valerii_18112020/Content/Download/StarterContent/Materials/M_Rock_Basalt.uasset" 795
"D:/GeekBrains/18112020/Valerii_18112020/Content/Download/StarterContent/Materials/M_Rock_Marble_Polished.uasset" 796
"D:/GeekBrains/18112020/Valerii_18112020/Content/Download/StarterContent/Textures/T_Rock_Sandstone_D.uasset" 797
"D:/GeekBrains/18112020/Valerii_18112020/Content/Download/StarterContent/Textures/T_Rock_Sandstone_N.uasset" 798
"D:/GeekBrains/18112020/Valerii_18112020/Content/Download/StarterContent/Materials/M_Rock_Sandstone.uasset" 799
"D:/GeekBrains/18112020/Valerii_18112020/Content/Download/StarterContent/Textures/T_Rock_Slate_D.uasset" 800
"D:/GeekBrains/18112020/Valerii_18112020/Content/Download/StarterContent/Textures/T_Rock_Slate_N.uasset" 801
"D:/GeekBrains/18112020/Valerii_18112020/Content/Download/StarterContent/Materials/M_Rock_Slate.uasset" 802
"D:/GeekBrains/18112020/Valerii_18112020/Content/Download/StarterContent/Textures/T_Checker_Noise_M.uasset" 803
"D:/GeekBrains/18112020/Valerii_18112020/Content/Download/StarterContent/Textures/T_Single_Tile_N.uasset" 804
"D:/GeekBrains/18112020/Valerii_18112020/Content/Download/StarterContent/Textures/T_Tech_Dot_M.uasset" 805
"D:/GeekBrains/18112020/Valerii_18112020/Content/Download/StarterContent/Textures/T_Tech_Dot_N.uasset" 806
"D:/GeekBrains/18112020/Valerii_18112020/Content/Download/StarterContent/Materials/M_Tech_Checker_Dot.uasset" 807
"D:/GeekBrains/18112020/Valerii_18112020/Content/Download/StarterContent/Materials/M_Tech_Hex_Tile.uasset" 808
"D:/GeekBrains/18112020/Valerii_18112020/Content/Download/StarterContent/Textures/T_Tech_Panel_M.uasset" 809
"D:/GeekBrains/18112020/Valerii_18112020/Content/Download/StarterContent/Textures/T_Tech_Panel_N.uasset" 810
"D:/GeekBrains/18112020/Valerii_18112020/Content/Download/StarterContent/Materials/M_Tech_Panel.uasset" 811
"D:/GeekBrains/18112020/Valerii_18112020/Content/Download/StarterContent/Textures/T_Water_M.uasset" 812
"D:/GeekBrains/18112020/Valerii_18112020/Content/Download/StarterContent/Materials/M_Water_Ocean.uasset" 813
"D:/GeekBrains/18112020/Valerii_18112020/Content/Download/StarterContent/Materials/M_Wood_Floor_Walnut_Polished.uasset" 814
"D:/GeekBrains/18112020/Valerii_18112020/Content/Download/StarterContent/Textures/T_Wood_Oak_D.uasset" 815
"D:/GeekBrains/18112020/Valerii_18112020/Content/Download/StarterContent/Textures/T_Wood_Oak_N.uasset" 816
"D:/GeekBrains/18112020/Valerii_18112020/Content/Download/StarterContent/Materials/M_Wood_Oak.uasset" 817
"D:/GeekBrains/18112020/Valerii_18112020/Content/Download/StarterContent/Textures/T_Wood_Pine_D.uasset" 818
"D:/GeekBrains/18112020/Valerii_18112020/Content/Download/StarterContent/Textures/T_Wood_Pine_N.uasset" 819
"D:/GeekBrains/18112020/Valerii_18112020/Content/Download/StarterContent/Materials/M_Wood_Pine.uasset" 820
"D:/GeekBrains/18112020/Valerii_18112020/Content/Download/StarterContent/Textures/T_Wood_Walnut_D.uasset" 821
"D:/GeekBrains/18112020/Valerii_18112020/Content/Download/StarterContent/Textures/T_Wood_Walnut_N.uasset" 822
"D:/GeekBrains/18112020/Valerii_18112020/Content/Download/StarterContent/Materials/M_Wood_Walnut.uasset" 823
"D:/GeekBrains/18112020/Valerii_18112020/Content/Download/StarterContent/Architecture/Wall_400x200.uasset" 824
"D:/GeekBrains/18112020/Valerii_18112020/Content/Download/StarterContent/Architecture/Wall_Door_400x300.uasset" 825
"D:/GeekBrains/18112020/Valerii_18112020/Content/Download/StarterContent/Architecture/Wall_Window_400x300.uasset" 826
"D:/GeekBrains/18112020/Valerii_18112020/Content/Download/StarterContent/Audio/Collapse_Cue.uasset" 827
"D:/GeekBrains/18112020/Valerii_18112020/Content/Download/StarterContent/Audio/Starter_Music01.uasset" 828
"D:/GeekBrains/18112020/Valerii_18112020/Content/Download/StarterContent/Audio/Starter_Music_Cue.uasset" 829
"D:/GeekBrains/18112020/Valerii_18112020/Content/Download/StarterContent/Textures/T_Dust_Particle_D.uasset" 830
"D:/GeekBrains/18112020/Valerii_18112020/Content/Download/StarterContent/Particles/Materials/M_Dust_Particle.uasset" 831
"D:/GeekBrains/18112020/Valerii_18112020/Content/Download/StarterContent/Particles/P_Ambient_Dust.uasset" 832
"D:/GeekBrains/18112020/Valerii_18112020/Content/Download/StarterContent/Props/MaterialSphere.uasset" 833
"D:/GeekBrains/18112020/Valerii_18112020/Content/Download/StarterContent/Textures/T_Frame_M.uasset" 834
"D:/GeekBrains/18112020/Valerii_18112020/Content/Download/StarterContent/Textures/T_Frame_N.uasset" 835
"D:/GeekBrains/18112020/Valerii_18112020/Content/Download/StarterContent/Props/Materials/M_Frame.uasset" 836
"D:/GeekBrains/18112020/Valerii_18112020/Content/Download/StarterContent/Props/SM_CornerFrame.uasset" 837
"D:/GeekBrains/18112020/Valerii_18112020/Content/Download/StarterContent/Props/SM_DoorFrame.uasset" 838
"D:/GeekBrains/18112020/Valerii_18112020/Content/Download/StarterContent/Materials/M_Glass.uasset" 839
"D:/GeekBrains/18112020/Valerii_18112020/Content/Download/StarterContent/Props/SM_GlassWindow.uasset" 840
"D:/GeekBrains/18112020/Valerii_18112020/Content/Download/StarterContent/Props/SM_PillarFrame.uasset" 841
"D:/GeekBrains/18112020/Valerii_18112020/Content/Download/StarterContent/Props/SM_PillarFrame300.uasset" 842
"D:/GeekBrains/18112020/Valerii_18112020/Content/Download/StarterContent/Props/SM_WindowFrame.uasset" 843
"D:/GeekBrains/18112020/Valerii_18112020/Content/Download/StarterContent/Shapes/Shape_Cube.uasset" 844
"D:/GeekBrains/18112020/Valerii_18112020/Content/Download/StarterContent/Shapes/Shape_QuadPyramid.uasset" 845
"D:/GeekBrains/18112020/Valerii_18112020/Content/Download/StarterContent/Shapes/Shape_Sphere.uasset" 846
"D:/GeekBrains/18112020/Valerii_18112020/Content/Download/StarterContent/Maps/StarterMap.umap" 847
"D:/GeekBrains/18112020/Valerii_18112020/Content/Download/ThirdPersonBP/Maps/ThirdPersonExampleMap_BuiltData.uasset" 848
"D:/GeekBrains/18112020/Valerii_18112020/Content/Download/Geometry/Meshes/1M_Cube_Chamfer.uasset" 849
"D:/GeekBrains/18112020/Valerii_18112020/Content/Download/Geometry/Meshes/TemplateFloor.uasset" 850
"D:/GeekBrains/18112020/Valerii_18112020/Content/Download/ThirdPerson/Meshes/RampMaterial.uasset" 851
"D:/GeekBrains/18112020/Valerii_18112020/Content/Download/ThirdPerson/Meshes/Bump_StaticMesh.uasset" 852
"D:/GeekBrains/18112020/Valerii_18112020/Content/Download/ThirdPerson/Meshes/LeftArm_StaticMesh.uasset" 853
"D:/GeekBrains/18112020/Valerii_18112020/Content/Download/ThirdPerson/Meshes/Linear_Stair_StaticMesh.uasset" 854
"D:/GeekBrains/18112020/Valerii_18112020/Content/Download/ThirdPerson/Meshes/Ramp_StaticMesh.uasset" 855
"D:/GeekBrains/18112020/Valerii_18112020/Content/Download/ThirdPerson/Meshes/RightArm_StaticMesh.uasset" 856
"D:/GeekBrains/18112020/Valerii_18112020/Content/Download/ThirdPersonBP/Maps/ThirdPersonExampleMap.umap" 857
"D:/GeekBrains/18112020/Valerii_18112020/Content/VeleriiTPS/Levels/LevelTest_BuiltData.uasset" 858
"../../../Engine/Content/BasicShapes/BasicShapeMaterial.uasset" 859
"../../../Engine/Content/BasicShapes/Cube.uasset" 860
"D:/GeekBrains/18112020/Valerii_18112020/Content/VeleriiTPS/Levels/LevelTest.umap" 861
"D:/GeekBrains/18112020/Valerii_18112020/Content/Trash/Cube.uasset" 862
"D:/GeekBrains/18112020/Valerii_18112020/Content/Trash/AnimatedCube.uasset" 863
"D:/GeekBrains/18112020/Valerii_18112020/Content/Download/StarterContent/Textures/T_Door_M.uasset" 864
"D:/GeekBrains/18112020/Valerii_18112020/Content/Download/StarterContent/Textures/T_Door_N.uasset" 865
"D:/GeekBrains/18112020/Valerii_18112020/Content/Download/StarterContent/Props/Materials/M_Door.uasset" 866
"D:/GeekBrains/18112020/Valerii_18112020/Content/Download/StarterContent/Props/SM_Door.uasset" 867
"D:/GeekBrains/18112020/Valerii_18112020/Content/VeleriiTPS/BluePrints/Interract/Door.uasset" 868
"D:/GeekBrains/18112020/Valerii_18112020/Content/VeleriiTPS/BluePrints/Interract/Elevator.uasset" 869
"D:/GeekBrains/18112020/Valerii_18112020/Content/VeleriiTPS/BluePrints/Interract/materials/Opacity.uasset" 870
"D:/GeekBrains/18112020/Valerii_18112020/Content/Download/FirstPerson/Meshes/FirstPersonProjectileMesh.uasset" 871
"D:/GeekBrains/18112020/Valerii_18112020/Content/VeleriiTPS/BluePrints/Interract/mine.uasset" 872
"D:/GeekBrains/18112020/Valerii_18112020/Content/VeleriiTPS/UIX/Clock.uasset" 873
"D:/GeekBrains/18112020/Valerii_18112020/Content/VeleriiTPS/UIX/ClockActor.uasset" 874
"D:/GeekBrains/18112020/Valerii_18112020/Content/VeleriiTPS/Levels/Level_001_sharedassets/Grass_LayerInfo.uasset" 875
"D:/GeekBrains/18112020/Valerii_18112020/Content/VeleriiTPS/Levels/Level_001_sharedassets/Sand_LayerInfo.uasset" 876
"D:/GeekBrains/18112020/Valerii_18112020/Content/VeleriiTPS/Levels/Level_001_sharedassets/Stone_LayerInfo.uasset" 877
"D:/GeekBrains/18112020/Valerii_18112020/Content/VeleriiTPS/Levels/Level_001_BuiltData.uasset" 878
"D:/GeekBrains/18112020/Valerii_18112020/Content/Download/StarterContent/Textures/T_Bush_D.uasset" 879
"D:/GeekBrains/18112020/Valerii_18112020/Content/Download/StarterContent/Textures/T_Bush_N.uasset" 880
"D:/GeekBrains/18112020/Valerii_18112020/Content/Download/StarterContent/Props/Materials/M_Bush.uasset" 881
"../../../Engine/Content/EngineMaterials/WeightMapPlaceholderTexture.uasset" 882
"D:/GeekBrains/18112020/Valerii_18112020/Content/VeleriiTPS/Levels/Matrials/LandscapeMaterial.uasset" 883
"../../../Engine/Content/EngineMaterials/DefaultPhysicalMaterial.uasset" 884
"D:/GeekBrains/18112020/Valerii_18112020/Content/Download/StarterContent/Architecture/Wall_400x400.uasset" 885
"D:/GeekBrains/18112020/Valerii_18112020/Content/Download/StarterContent/Architecture/Wall_Door_400x400.uasset" 886
"D:/GeekBrains/18112020/Valerii_18112020/Content/Download/StarterContent/Props/SM_Bush.uasset" 887
"D:/GeekBrains/18112020/Valerii_18112020/Content/Download/StarterContent/Props/SM_Couch.uasset" 888
"D:/GeekBrains/18112020/Valerii_18112020/Content/Download/StarterContent/Textures/T_RockMesh_M.uasset" 889
"D:/GeekBrains/18112020/Valerii_18112020/Content/Download/StarterContent/Textures/T_RockMesh_N.uasset" 890
"D:/GeekBrains/18112020/Valerii_18112020/Content/Download/StarterContent/Props/Materials/M_Rock.uasset" 891
"D:/GeekBrains/18112020/Valerii_18112020/Content/Download/StarterContent/Props/SM_Rock.uasset" 892
"D:/GeekBrains/18112020/Valerii_18112020/Content/VeleriiTPS/Levels/Level_001.umap" 893
"../../../Engine/Content/Maps/Entry_BuiltData.uasset" 894
"../../../Engine/Content/Maps/Entry.umap" 895
